<?xml version="1.0" encoding="UTF-8"?>
<robot generator="Robot 5.0.1 (Python 3.7.5 on linux)" generated="20220706 19:02:52.464" rpa="true" schemaversion="3">
<suite id="s1" name="Tasks" source="/home/gabriel/Documentos/RPA/Browser_Selenium_Library/tasks.robot">
<test id="s1-t1" name="Example of Browser Selenium Library" line="37">
<kw name="Open Google Translate Page" library="browser">
<kw name="Set Selenium Timeout" library="RPA.Browser.Selenium">
<arg>10</arg>
<doc>Sets the timeout that is used by various keywords.</doc>
<status status="PASS" starttime="20220706 19:02:54.024" endtime="20220706 19:02:54.025"/>
</kw>
<kw name="Open Browser" library="RPA.Browser.Selenium">
<arg>https://translate.google.com/</arg>
<arg>browser=Chrome</arg>
<arg>executable_path=${DRIVER_PATH}</arg>
<doc>Opens a new browser instance to the optional ``url``.</doc>
<msg timestamp="20220706 19:02:54.028" level="INFO">Opening browser 'Chrome' to base url 'https://translate.google.com/'.</msg>
<status status="PASS" starttime="20220706 19:02:54.026" endtime="20220706 19:02:56.235"/>
</kw>
<kw name="Wait Until Element Is Visible" library="RPA.Browser.Selenium">
<arg>${SourceLanButton}</arg>
<doc>Waits until the element ``locator`` is visible.</doc>
<status status="PASS" starttime="20220706 19:02:56.237" endtime="20220706 19:02:56.284"/>
</kw>
<status status="PASS" starttime="20220706 19:02:54.022" endtime="20220706 19:02:56.286"/>
</kw>
<kw name="Set Source Language" library="browser">
<arg>Inglés</arg>
<kw name="Click Element" library="RPA.Browser.Selenium">
<arg>${SourceLanButton}</arg>
<doc>Click the element identified by ``locator``.</doc>
<msg timestamp="20220706 19:02:56.298" level="INFO">Clicking element '//button[@aria-label="Más idiomas de origen"]'.</msg>
<status status="PASS" starttime="20220706 19:02:56.294" endtime="20220706 19:02:56.454"/>
</kw>
<kw name="Input Text When Element Is Visible" library="RPA.Browser.Selenium">
<arg>${SourceLanText}</arg>
<arg>${SourceLan}</arg>
<doc>Input text into locator after it has become visible.</doc>
<msg timestamp="20220706 19:02:56.557" level="INFO">Typing text 'Inglés' into text field '//input[@aria-label="Buscar idiomas"]'.</msg>
<status status="PASS" starttime="20220706 19:02:56.455" endtime="20220706 19:02:56.668"/>
</kw>
<kw name="Sleep" library="BuiltIn">
<arg>1</arg>
<doc>Pauses the test executed for the given time.</doc>
<msg timestamp="20220706 19:02:57.672" level="INFO">Slept 1 second</msg>
<status status="PASS" starttime="20220706 19:02:56.670" endtime="20220706 19:02:57.673"/>
</kw>
<kw name="Click Element At Coordinates" library="RPA.Browser.Selenium">
<arg>${SourceLanText}</arg>
<arg>xoffset=0</arg>
<arg>yoffset=60</arg>
<doc>Click the element ``locator`` at ``xoffset/yoffset``.</doc>
<msg timestamp="20220706 19:02:57.679" level="INFO">Clicking element '//input[@aria-label="Buscar idiomas"]' at coordinates x=0, y=60.</msg>
<status status="PASS" starttime="20220706 19:02:57.675" endtime="20220706 19:02:58.290"/>
</kw>
<kw name="Sleep" library="BuiltIn">
<arg>1</arg>
<doc>Pauses the test executed for the given time.</doc>
<msg timestamp="20220706 19:02:59.295" level="INFO">Slept 1 second</msg>
<status status="PASS" starttime="20220706 19:02:58.292" endtime="20220706 19:02:59.296"/>
</kw>
<status status="PASS" starttime="20220706 19:02:56.289" endtime="20220706 19:02:59.297"/>
</kw>
<kw name="Set Target Language" library="browser">
<arg>${TARGET_LAN}</arg>
<kw name="Click Element" library="RPA.Browser.Selenium">
<arg>${DestLanButton}</arg>
<doc>Click the element identified by ``locator``.</doc>
<msg timestamp="20220706 19:02:59.302" level="INFO">Clicking element '//button[@aria-label="Más idiomas de destino"]'.</msg>
<status status="PASS" starttime="20220706 19:02:59.300" endtime="20220706 19:02:59.404"/>
</kw>
<kw name="Get WebElements" library="RPA.Browser.Selenium">
<var>${elem_list}</var>
<arg>${SourceLanText}</arg>
<doc>Returns a list of WebElement objects matching the ``locator``.</doc>
<msg timestamp="20220706 19:02:59.421" level="INFO">${elem_list} = [&lt;selenium.webdriver.remote.webelement.WebElement (session="32773a2fa0b29695020aac1c578e90e2", element="cf40e54e-3b89-4c74-a441-d5f4cf3da04a")&gt;, &lt;selenium.webdriver.remote.webelement.WebElement (sessi...</msg>
<status status="PASS" starttime="20220706 19:02:59.406" endtime="20220706 19:02:59.422"/>
</kw>
<kw name="Input Text" library="RPA.Browser.Selenium">
<arg>${elem_list}[1]</arg>
<arg>${DesLan}</arg>
<doc>Types the given ``text`` into the text field identified by ``locator``.</doc>
<msg timestamp="20220706 19:02:59.430" level="INFO">Typing text 'Español' into text field '&lt;selenium.webdriver.remote.webelement.WebElement (session="32773a2fa0b29695020aac1c578e90e2", element="65651830-bc7b-4d8b-8481-f2f3199ed86f")&gt;'.</msg>
<status status="PASS" starttime="20220706 19:02:59.424" endtime="20220706 19:02:59.518"/>
</kw>
<kw name="Sleep" library="BuiltIn">
<arg>1</arg>
<doc>Pauses the test executed for the given time.</doc>
<msg timestamp="20220706 19:03:00.522" level="INFO">Slept 1 second</msg>
<status status="PASS" starttime="20220706 19:02:59.520" endtime="20220706 19:03:00.523"/>
</kw>
<kw name="Click Element At Coordinates" library="RPA.Browser.Selenium">
<arg>${elem_list}[1]</arg>
<arg>xoffset=0</arg>
<arg>yoffset=60</arg>
<doc>Click the element ``locator`` at ``xoffset/yoffset``.</doc>
<msg timestamp="20220706 19:03:00.529" level="INFO">Clicking element '&lt;selenium.webdriver.remote.webelement.WebElement (session="32773a2fa0b29695020aac1c578e90e2", element="65651830-bc7b-4d8b-8481-f2f3199ed86f")&gt;' at coordinates x=0, y=60.</msg>
<status status="PASS" starttime="20220706 19:03:00.525" endtime="20220706 19:03:01.087"/>
</kw>
<kw name="Sleep" library="BuiltIn">
<arg>1</arg>
<doc>Pauses the test executed for the given time.</doc>
<msg timestamp="20220706 19:03:02.089" level="INFO">Slept 1 second</msg>
<status status="PASS" starttime="20220706 19:03:01.088" endtime="20220706 19:03:02.090"/>
</kw>
<status status="PASS" starttime="20220706 19:02:59.298" endtime="20220706 19:03:02.092"/>
</kw>
<kw name="Catenate" library="BuiltIn">
<var>${DIR_NAME}</var>
<arg>SEPARATOR=/</arg>
<arg>${SRC_DIR}</arg>
<arg>${TARGET_LAN}</arg>
<doc>Catenates the given items together and returns the resulted string.</doc>
<msg timestamp="20220706 19:03:02.098" level="INFO">${DIR_NAME} = /home/gabriel/Descargas/Descargas_RPA_Curso/Browser_Library/Captions/Captions/Español</msg>
<status status="PASS" starttime="20220706 19:03:02.096" endtime="20220706 19:03:02.099"/>
</kw>
<kw name="Create Directory" library="RPA.FileSystem">
<arg>${DIR_NAME}</arg>
<doc>Creates a directory and (optionally) non-existing parent directories.</doc>
<status status="PASS" starttime="20220706 19:03:02.100" endtime="20220706 19:03:02.102"/>
</kw>
<kw name="List Files In Directory" library="RPA.FileSystem">
<var>${file_list}</var>
<arg>${SRC_DIR}</arg>
<doc>Lists all the files in the given directory, relative to it.</doc>
<msg timestamp="20220706 19:03:02.108" level="INFO">${file_list} = [File(path='/home/gabriel/Descargas/Descargas_RPA_Curso/Browser_Library/Captions/Captions/.DS_Store', name='.DS_Store', size=6148, mtime=1619890362.0), File(path='/home/gabriel/Descargas/Descargas_RPA...</msg>
<status status="PASS" starttime="20220706 19:03:02.103" endtime="20220706 19:03:02.108"/>
</kw>
<for flavor="IN">
<var>${file}</var>
<value>@{file_list}</value>
<iter>
<var name="${file}">/home/gabriel/Descargas/Descargas_RPA_Curso/Browser_Library/Captions/Captions/.DS_Store</var>
<kw name="Get File Extension" library="RPA.FileSystem">
<var>${file_ext}</var>
<arg>${file}</arg>
<doc>Returns the suffix for the file.</doc>
<msg timestamp="20220706 19:03:02.112" level="INFO">${file_ext} = </msg>
<status status="PASS" starttime="20220706 19:03:02.111" endtime="20220706 19:03:02.113"/>
</kw>
<kw name="Continue For Loop If" library="BuiltIn">
<arg>'${file_ext}'!='.vtt'</arg>
<doc>Skips the current FOR loop iteration if the ``condition`` is true.</doc>
<msg timestamp="20220706 19:03:02.115" level="INFO">Continuing for loop from the next iteration.</msg>
<status status="PASS" starttime="20220706 19:03:02.114" endtime="20220706 19:03:02.117"/>
</kw>
<kw name="Get File Name" library="RPA.FileSystem">
<var>${srcFileName}</var>
<arg>${file}</arg>
<doc>Returns only the filename portion of a path.</doc>
<status status="NOT RUN" starttime="20220706 19:03:02.118" endtime="20220706 19:03:02.119"/>
</kw>
<kw name="Catenate" library="BuiltIn">
<var>${DEST_FILE_NAME}</var>
<arg>SEPARATOR=/</arg>
<arg>${DIR_NAME}</arg>
<arg>${srcFileName}</arg>
<doc>Catenates the given items together and returns the resulted string.</doc>
<status status="NOT RUN" starttime="20220706 19:03:02.119" endtime="20220706 19:03:02.120"/>
</kw>
<kw name="Create File" library="RPA.FileSystem">
<arg>${DEST_FILE_NAME}</arg>
<doc>Creates a new text file, and writes content if any is given.</doc>
<status status="NOT RUN" starttime="20220706 19:03:02.121" endtime="20220706 19:03:02.121"/>
</kw>
<kw name="Convert Document">
<arg>${file}</arg>
<arg>${DEST_FILE_NAME}</arg>
<status status="NOT RUN" starttime="20220706 19:03:02.122" endtime="20220706 19:03:02.122"/>
</kw>
<status status="PASS" starttime="20220706 19:03:02.110" endtime="20220706 19:03:02.123"/>
</iter>
<iter>
<var name="${file}">/home/gabriel/Descargas/Descargas_RPA_Curso/Browser_Library/Captions/Captions/chapter-1.vtt</var>
<kw name="Get File Extension" library="RPA.FileSystem">
<var>${file_ext}</var>
<arg>${file}</arg>
<doc>Returns the suffix for the file.</doc>
<msg timestamp="20220706 19:03:02.126" level="INFO">${file_ext} = .vtt</msg>
<status status="PASS" starttime="20220706 19:03:02.124" endtime="20220706 19:03:02.126"/>
</kw>
<kw name="Continue For Loop If" library="BuiltIn">
<arg>'${file_ext}'!='.vtt'</arg>
<doc>Skips the current FOR loop iteration if the ``condition`` is true.</doc>
<status status="PASS" starttime="20220706 19:03:02.127" endtime="20220706 19:03:02.129"/>
</kw>
<kw name="Get File Name" library="RPA.FileSystem">
<var>${srcFileName}</var>
<arg>${file}</arg>
<doc>Returns only the filename portion of a path.</doc>
<msg timestamp="20220706 19:03:02.131" level="INFO">${srcFileName} = chapter-1.vtt</msg>
<status status="PASS" starttime="20220706 19:03:02.130" endtime="20220706 19:03:02.131"/>
</kw>
<kw name="Catenate" library="BuiltIn">
<var>${DEST_FILE_NAME}</var>
<arg>SEPARATOR=/</arg>
<arg>${DIR_NAME}</arg>
<arg>${srcFileName}</arg>
<doc>Catenates the given items together and returns the resulted string.</doc>
<msg timestamp="20220706 19:03:02.134" level="INFO">${DEST_FILE_NAME} = /home/gabriel/Descargas/Descargas_RPA_Curso/Browser_Library/Captions/Captions/Español/chapter-1.vtt</msg>
<status status="PASS" starttime="20220706 19:03:02.132" endtime="20220706 19:03:02.134"/>
</kw>
<kw name="Create File" library="RPA.FileSystem">
<arg>${DEST_FILE_NAME}</arg>
<doc>Creates a new text file, and writes content if any is given.</doc>
<status status="PASS" starttime="20220706 19:03:02.135" endtime="20220706 19:03:02.137"/>
</kw>
<kw name="Convert Document">
<arg>${file}</arg>
<arg>${DEST_FILE_NAME}</arg>
<kw name="Read File" library="RPA.FileSystem">
<var>${FileContent}</var>
<arg>${file}</arg>
<doc>Reads a file as text, with given `encoding`, and returns the content."</doc>
<msg timestamp="20220706 19:03:02.141" level="INFO">${FileContent} = WEBVTT

0
00:11.830 --&gt; 00:12.090
Welcome

1
00:16.040 --&gt; 00:19.890
Are you ready to explore the real power of Robot With Python ?

2
00:20.270 --&gt; 00:20.860
That's true.

3
00:20.870 --&gt; 00:26.780
I...</msg>
<status status="PASS" starttime="20220706 19:03:02.139" endtime="20220706 19:03:02.141"/>
</kw>
<kw name="Split To Lines" library="String">
<var>${content}</var>
<arg>${FileContent}</arg>
<doc>Splits the given string to lines.</doc>
<msg timestamp="20220706 19:03:02.143" level="INFO">45 lines returned</msg>
<msg timestamp="20220706 19:03:02.143" level="INFO">${content} = ['WEBVTT', '', '0', '00:11.830 --&gt; 00:12.090', 'Welcome', '', '1', '00:16.040 --&gt; 00:19.890', 'Are you ready to explore the real power of Robot With Python ?', '', '2', '00:20.270 --&gt; 00:20.860', "Tha...</msg>
<status status="PASS" starttime="20220706 19:03:02.142" endtime="20220706 19:03:02.143"/>
</kw>
<for flavor="IN">
<var>${line}</var>
<value>@{content}</value>
<iter>
<var name="${line}">WEBVTT</var>
<kw name="Run Keyword If" library="BuiltIn">
<arg>${status}</arg>
<arg>Convert Sentence And Copy To ClipBoard</arg>
<arg>${line}</arg>
<arg>ELSE</arg>
<arg>Set clipboard value</arg>
<arg>${line}</arg>
<doc>Runs the given keyword with the given arguments, if ``condition`` is true.</doc>
<kw name="Set Clipboard Value" library="RPA.Desktop">
<arg>${line}</arg>
<doc>Write given value to system clipboard.</doc>
<status status="PASS" starttime="20220706 19:03:02.148" endtime="20220706 19:03:02.311"/>
</kw>
<status status="PASS" starttime="20220706 19:03:02.146" endtime="20220706 19:03:02.311"/>
</kw>
<kw name="Get Clipboard Value" library="RPA.Desktop">
<var>${converted_text}</var>
<doc>Read current value from system clipboard.</doc>
<msg timestamp="20220706 19:03:02.313" level="INFO">${converted_text} = WEBVTT</msg>
<status status="PASS" starttime="20220706 19:03:02.312" endtime="20220706 19:03:02.314"/>
</kw>
<kw name="Append To File" library="RPA.FileSystem">
<arg>${DEST_FILE_NAME}</arg>
<arg>${converted_text}${\n}</arg>
<doc>Appends text to the given file.</doc>
<status status="PASS" starttime="20220706 19:03:02.314" endtime="20220706 19:03:02.317"/>
</kw>
<kw name="Set Variable" library="BuiltIn">
<var>${status}</var>
<arg>False</arg>
<doc>Returns the given values which can then be assigned to a variables.</doc>
<msg timestamp="20220706 19:03:02.319" level="INFO">${status} = False</msg>
<status status="PASS" starttime="20220706 19:03:02.318" endtime="20220706 19:03:02.320"/>
</kw>
<kw name="Run Keyword And Return Status" library="BuiltIn">
<var>${status}</var>
<arg>Should Contain</arg>
<arg>${line}</arg>
<arg>--&gt;</arg>
<doc>Runs the given keyword with given arguments and returns the status as a Boolean value.</doc>
<kw name="Should Contain" library="BuiltIn">
<arg>${line}</arg>
<arg>--&gt;</arg>
<doc>Fails if ``container`` does not contain ``item`` one or more times.</doc>
<msg timestamp="20220706 19:03:02.326" level="FAIL">'WEBVTT' does not contain '--&gt;'</msg>
<status status="FAIL" starttime="20220706 19:03:02.322" endtime="20220706 19:03:02.326"/>
</kw>
<msg timestamp="20220706 19:03:02.327" level="INFO">${status} = False</msg>
<status status="PASS" starttime="20220706 19:03:02.321" endtime="20220706 19:03:02.327"/>
</kw>
<status status="PASS" starttime="20220706 19:03:02.145" endtime="20220706 19:03:02.328"/>
</iter>
<iter>
<var name="${line}"/>
<kw name="Run Keyword If" library="BuiltIn">
<arg>${status}</arg>
<arg>Convert Sentence And Copy To ClipBoard</arg>
<arg>${line}</arg>
<arg>ELSE</arg>
<arg>Set clipboard value</arg>
<arg>${line}</arg>
<doc>Runs the given keyword with the given arguments, if ``condition`` is true.</doc>
<kw name="Set Clipboard Value" library="RPA.Desktop">
<arg>${line}</arg>
<doc>Write given value to system clipboard.</doc>
<status status="PASS" starttime="20220706 19:03:02.331" endtime="20220706 19:03:02.333"/>
</kw>
<status status="PASS" starttime="20220706 19:03:02.329" endtime="20220706 19:03:02.333"/>
</kw>
<kw name="Get Clipboard Value" library="RPA.Desktop">
<var>${converted_text}</var>
<doc>Read current value from system clipboard.</doc>
<msg timestamp="20220706 19:03:02.335" level="INFO">${converted_text} = </msg>
<status status="PASS" starttime="20220706 19:03:02.334" endtime="20220706 19:03:02.336"/>
</kw>
<kw name="Append To File" library="RPA.FileSystem">
<arg>${DEST_FILE_NAME}</arg>
<arg>${converted_text}${\n}</arg>
<doc>Appends text to the given file.</doc>
<status status="PASS" starttime="20220706 19:03:02.336" endtime="20220706 19:03:02.338"/>
</kw>
<kw name="Set Variable" library="BuiltIn">
<var>${status}</var>
<arg>False</arg>
<doc>Returns the given values which can then be assigned to a variables.</doc>
<msg timestamp="20220706 19:03:02.340" level="INFO">${status} = False</msg>
<status status="PASS" starttime="20220706 19:03:02.339" endtime="20220706 19:03:02.340"/>
</kw>
<kw name="Run Keyword And Return Status" library="BuiltIn">
<var>${status}</var>
<arg>Should Contain</arg>
<arg>${line}</arg>
<arg>--&gt;</arg>
<doc>Runs the given keyword with given arguments and returns the status as a Boolean value.</doc>
<kw name="Should Contain" library="BuiltIn">
<arg>${line}</arg>
<arg>--&gt;</arg>
<doc>Fails if ``container`` does not contain ``item`` one or more times.</doc>
<msg timestamp="20220706 19:03:02.346" level="FAIL">'' does not contain '--&gt;'</msg>
<status status="FAIL" starttime="20220706 19:03:02.343" endtime="20220706 19:03:02.346"/>
</kw>
<msg timestamp="20220706 19:03:02.347" level="INFO">${status} = False</msg>
<status status="PASS" starttime="20220706 19:03:02.341" endtime="20220706 19:03:02.347"/>
</kw>
<status status="PASS" starttime="20220706 19:03:02.328" endtime="20220706 19:03:02.347"/>
</iter>
<iter>
<var name="${line}">0</var>
<kw name="Run Keyword If" library="BuiltIn">
<arg>${status}</arg>
<arg>Convert Sentence And Copy To ClipBoard</arg>
<arg>${line}</arg>
<arg>ELSE</arg>
<arg>Set clipboard value</arg>
<arg>${line}</arg>
<doc>Runs the given keyword with the given arguments, if ``condition`` is true.</doc>
<kw name="Set Clipboard Value" library="RPA.Desktop">
<arg>${line}</arg>
<doc>Write given value to system clipboard.</doc>
<status status="PASS" starttime="20220706 19:03:02.352" endtime="20220706 19:03:02.354"/>
</kw>
<status status="PASS" starttime="20220706 19:03:02.350" endtime="20220706 19:03:02.355"/>
</kw>
<kw name="Get Clipboard Value" library="RPA.Desktop">
<var>${converted_text}</var>
<doc>Read current value from system clipboard.</doc>
<msg timestamp="20220706 19:03:02.360" level="INFO">${converted_text} = 0</msg>
<status status="PASS" starttime="20220706 19:03:02.357" endtime="20220706 19:03:02.361"/>
</kw>
<kw name="Append To File" library="RPA.FileSystem">
<arg>${DEST_FILE_NAME}</arg>
<arg>${converted_text}${\n}</arg>
<doc>Appends text to the given file.</doc>
<status status="PASS" starttime="20220706 19:03:02.362" endtime="20220706 19:03:02.367"/>
</kw>
<kw name="Set Variable" library="BuiltIn">
<var>${status}</var>
<arg>False</arg>
<doc>Returns the given values which can then be assigned to a variables.</doc>
<msg timestamp="20220706 19:03:02.369" level="INFO">${status} = False</msg>
<status status="PASS" starttime="20220706 19:03:02.368" endtime="20220706 19:03:02.369"/>
</kw>
<kw name="Run Keyword And Return Status" library="BuiltIn">
<var>${status}</var>
<arg>Should Contain</arg>
<arg>${line}</arg>
<arg>--&gt;</arg>
<doc>Runs the given keyword with given arguments and returns the status as a Boolean value.</doc>
<kw name="Should Contain" library="BuiltIn">
<arg>${line}</arg>
<arg>--&gt;</arg>
<doc>Fails if ``container`` does not contain ``item`` one or more times.</doc>
<msg timestamp="20220706 19:03:02.373" level="FAIL">'0' does not contain '--&gt;'</msg>
<status status="FAIL" starttime="20220706 19:03:02.371" endtime="20220706 19:03:02.374"/>
</kw>
<msg timestamp="20220706 19:03:02.375" level="INFO">${status} = False</msg>
<status status="PASS" starttime="20220706 19:03:02.370" endtime="20220706 19:03:02.375"/>
</kw>
<status status="PASS" starttime="20220706 19:03:02.348" endtime="20220706 19:03:02.375"/>
</iter>
<iter>
<var name="${line}">00:11.830 --&gt; 00:12.090</var>
<kw name="Run Keyword If" library="BuiltIn">
<arg>${status}</arg>
<arg>Convert Sentence And Copy To ClipBoard</arg>
<arg>${line}</arg>
<arg>ELSE</arg>
<arg>Set clipboard value</arg>
<arg>${line}</arg>
<doc>Runs the given keyword with the given arguments, if ``condition`` is true.</doc>
<kw name="Set Clipboard Value" library="RPA.Desktop">
<arg>${line}</arg>
<doc>Write given value to system clipboard.</doc>
<status status="PASS" starttime="20220706 19:03:02.378" endtime="20220706 19:03:02.381"/>
</kw>
<status status="PASS" starttime="20220706 19:03:02.377" endtime="20220706 19:03:02.382"/>
</kw>
<kw name="Get Clipboard Value" library="RPA.Desktop">
<var>${converted_text}</var>
<doc>Read current value from system clipboard.</doc>
<msg timestamp="20220706 19:03:02.387" level="INFO">${converted_text} = 00:11.830 --&gt; 00:12.090</msg>
<status status="PASS" starttime="20220706 19:03:02.383" endtime="20220706 19:03:02.387"/>
</kw>
<kw name="Append To File" library="RPA.FileSystem">
<arg>${DEST_FILE_NAME}</arg>
<arg>${converted_text}${\n}</arg>
<doc>Appends text to the given file.</doc>
<status status="PASS" starttime="20220706 19:03:02.390" endtime="20220706 19:03:02.394"/>
</kw>
<kw name="Set Variable" library="BuiltIn">
<var>${status}</var>
<arg>False</arg>
<doc>Returns the given values which can then be assigned to a variables.</doc>
<msg timestamp="20220706 19:03:02.396" level="INFO">${status} = False</msg>
<status status="PASS" starttime="20220706 19:03:02.394" endtime="20220706 19:03:02.396"/>
</kw>
<kw name="Run Keyword And Return Status" library="BuiltIn">
<var>${status}</var>
<arg>Should Contain</arg>
<arg>${line}</arg>
<arg>--&gt;</arg>
<doc>Runs the given keyword with given arguments and returns the status as a Boolean value.</doc>
<kw name="Should Contain" library="BuiltIn">
<arg>${line}</arg>
<arg>--&gt;</arg>
<doc>Fails if ``container`` does not contain ``item`` one or more times.</doc>
<status status="PASS" starttime="20220706 19:03:02.398" endtime="20220706 19:03:02.399"/>
</kw>
<msg timestamp="20220706 19:03:02.400" level="INFO">${status} = True</msg>
<status status="PASS" starttime="20220706 19:03:02.397" endtime="20220706 19:03:02.400"/>
</kw>
<status status="PASS" starttime="20220706 19:03:02.376" endtime="20220706 19:03:02.401"/>
</iter>
<iter>
<var name="${line}">Welcome</var>
<kw name="Run Keyword If" library="BuiltIn">
<arg>${status}</arg>
<arg>Convert Sentence And Copy To ClipBoard</arg>
<arg>${line}</arg>
<arg>ELSE</arg>
<arg>Set clipboard value</arg>
<arg>${line}</arg>
<doc>Runs the given keyword with the given arguments, if ``condition`` is true.</doc>
<kw name="Convert Sentence And Copy To ClipBoard" library="browser">
<arg>${line}</arg>
<kw name="Input Text When Element Is Visible" library="RPA.Browser.Selenium">
<arg>${srcTextArea}</arg>
<arg>${sentence}</arg>
<doc>Input text into locator after it has become visible.</doc>
<msg timestamp="20220706 19:03:02.437" level="INFO">Typing text 'Welcome' into text field '//textarea[@aria-label="Texto de origen"]'.</msg>
<status status="PASS" starttime="20220706 19:03:02.406" endtime="20220706 19:03:02.561"/>
</kw>
<kw name="Wait Until Element Is Visible" library="RPA.Browser.Selenium">
<arg>${copyClipButton}</arg>
<doc>Waits until the element ``locator`` is visible.</doc>
<status status="PASS" starttime="20220706 19:03:02.562" endtime="20220706 19:03:03.257"/>
</kw>
<kw name="Click Element" library="RPA.Browser.Selenium">
<arg>${copyClipButton}</arg>
<doc>Click the element identified by ``locator``.</doc>
<msg timestamp="20220706 19:03:03.260" level="INFO">Clicking element '//button[@aria-label="Copiar traducción"]'.</msg>
<status status="PASS" starttime="20220706 19:03:03.258" endtime="20220706 19:03:03.320"/>
</kw>
<kw name="Sleep" library="BuiltIn">
<arg>1</arg>
<doc>Pauses the test executed for the given time.</doc>
<msg timestamp="20220706 19:03:04.323" level="INFO">Slept 1 second</msg>
<status status="PASS" starttime="20220706 19:03:03.322" endtime="20220706 19:03:04.324"/>
</kw>
<kw name="Click Element" library="RPA.Browser.Selenium">
<arg>${clearText}</arg>
<doc>Click the element identified by ``locator``.</doc>
<msg timestamp="20220706 19:03:04.330" level="INFO">Clicking element '//button[@aria-label="Borrar texto original"]'.</msg>
<status status="PASS" starttime="20220706 19:03:04.327" endtime="20220706 19:03:04.419"/>
</kw>
<status status="PASS" starttime="20220706 19:03:02.404" endtime="20220706 19:03:04.422"/>
</kw>
<status status="PASS" starttime="20220706 19:03:02.403" endtime="20220706 19:03:04.424"/>
</kw>
<kw name="Get Clipboard Value" library="RPA.Desktop">
<var>${converted_text}</var>
<doc>Read current value from system clipboard.</doc>
<msg timestamp="20220706 19:03:04.432" level="INFO">${converted_text} = Bienvenidas</msg>
<status status="PASS" starttime="20220706 19:03:04.427" endtime="20220706 19:03:04.433"/>
</kw>
<kw name="Append To File" library="RPA.FileSystem">
<arg>${DEST_FILE_NAME}</arg>
<arg>${converted_text}${\n}</arg>
<doc>Appends text to the given file.</doc>
<status status="PASS" starttime="20220706 19:03:04.433" endtime="20220706 19:03:04.436"/>
</kw>
<kw name="Set Variable" library="BuiltIn">
<var>${status}</var>
<arg>False</arg>
<doc>Returns the given values which can then be assigned to a variables.</doc>
<msg timestamp="20220706 19:03:04.438" level="INFO">${status} = False</msg>
<status status="PASS" starttime="20220706 19:03:04.437" endtime="20220706 19:03:04.438"/>
</kw>
<kw name="Run Keyword And Return Status" library="BuiltIn">
<var>${status}</var>
<arg>Should Contain</arg>
<arg>${line}</arg>
<arg>--&gt;</arg>
<doc>Runs the given keyword with given arguments and returns the status as a Boolean value.</doc>
<kw name="Should Contain" library="BuiltIn">
<arg>${line}</arg>
<arg>--&gt;</arg>
<doc>Fails if ``container`` does not contain ``item`` one or more times.</doc>
<msg timestamp="20220706 19:03:04.443" level="FAIL">'Welcome' does not contain '--&gt;'</msg>
<status status="FAIL" starttime="20220706 19:03:04.441" endtime="20220706 19:03:04.444"/>
</kw>
<msg timestamp="20220706 19:03:04.445" level="INFO">${status} = False</msg>
<status status="PASS" starttime="20220706 19:03:04.439" endtime="20220706 19:03:04.445"/>
</kw>
<status status="PASS" starttime="20220706 19:03:02.402" endtime="20220706 19:03:04.446"/>
</iter>
<iter>
<var name="${line}"/>
<kw name="Run Keyword If" library="BuiltIn">
<arg>${status}</arg>
<arg>Convert Sentence And Copy To ClipBoard</arg>
<arg>${line}</arg>
<arg>ELSE</arg>
<arg>Set clipboard value</arg>
<arg>${line}</arg>
<doc>Runs the given keyword with the given arguments, if ``condition`` is true.</doc>
<kw name="Set Clipboard Value" library="RPA.Desktop">
<arg>${line}</arg>
<doc>Write given value to system clipboard.</doc>
<status status="PASS" starttime="20220706 19:03:04.450" endtime="20220706 19:03:04.451"/>
</kw>
<status status="PASS" starttime="20220706 19:03:04.448" endtime="20220706 19:03:04.452"/>
</kw>
<kw name="Get Clipboard Value" library="RPA.Desktop">
<var>${converted_text}</var>
<doc>Read current value from system clipboard.</doc>
<msg timestamp="20220706 19:03:04.455" level="INFO">${converted_text} = Bienvenidas</msg>
<status status="PASS" starttime="20220706 19:03:04.452" endtime="20220706 19:03:04.455"/>
</kw>
<kw name="Append To File" library="RPA.FileSystem">
<arg>${DEST_FILE_NAME}</arg>
<arg>${converted_text}${\n}</arg>
<doc>Appends text to the given file.</doc>
<status status="PASS" starttime="20220706 19:03:04.458" endtime="20220706 19:03:04.464"/>
</kw>
<kw name="Set Variable" library="BuiltIn">
<var>${status}</var>
<arg>False</arg>
<doc>Returns the given values which can then be assigned to a variables.</doc>
<msg timestamp="20220706 19:03:04.466" level="INFO">${status} = False</msg>
<status status="PASS" starttime="20220706 19:03:04.465" endtime="20220706 19:03:04.467"/>
</kw>
<kw name="Run Keyword And Return Status" library="BuiltIn">
<var>${status}</var>
<arg>Should Contain</arg>
<arg>${line}</arg>
<arg>--&gt;</arg>
<doc>Runs the given keyword with given arguments and returns the status as a Boolean value.</doc>
<kw name="Should Contain" library="BuiltIn">
<arg>${line}</arg>
<arg>--&gt;</arg>
<doc>Fails if ``container`` does not contain ``item`` one or more times.</doc>
<msg timestamp="20220706 19:03:04.471" level="FAIL">'' does not contain '--&gt;'</msg>
<status status="FAIL" starttime="20220706 19:03:04.469" endtime="20220706 19:03:04.471"/>
</kw>
<msg timestamp="20220706 19:03:04.472" level="INFO">${status} = False</msg>
<status status="PASS" starttime="20220706 19:03:04.467" endtime="20220706 19:03:04.472"/>
</kw>
<status status="PASS" starttime="20220706 19:03:04.447" endtime="20220706 19:03:04.473"/>
</iter>
<iter>
<var name="${line}">1</var>
<kw name="Run Keyword If" library="BuiltIn">
<arg>${status}</arg>
<arg>Convert Sentence And Copy To ClipBoard</arg>
<arg>${line}</arg>
<arg>ELSE</arg>
<arg>Set clipboard value</arg>
<arg>${line}</arg>
<doc>Runs the given keyword with the given arguments, if ``condition`` is true.</doc>
<kw name="Set Clipboard Value" library="RPA.Desktop">
<arg>${line}</arg>
<doc>Write given value to system clipboard.</doc>
<status status="PASS" starttime="20220706 19:03:04.477" endtime="20220706 19:03:04.478"/>
</kw>
<status status="PASS" starttime="20220706 19:03:04.475" endtime="20220706 19:03:04.479"/>
</kw>
<kw name="Get Clipboard Value" library="RPA.Desktop">
<var>${converted_text}</var>
<doc>Read current value from system clipboard.</doc>
<msg timestamp="20220706 19:03:04.481" level="INFO">${converted_text} = Bienvenidas</msg>
<status status="PASS" starttime="20220706 19:03:04.479" endtime="20220706 19:03:04.481"/>
</kw>
<kw name="Append To File" library="RPA.FileSystem">
<arg>${DEST_FILE_NAME}</arg>
<arg>${converted_text}${\n}</arg>
<doc>Appends text to the given file.</doc>
<status status="PASS" starttime="20220706 19:03:04.482" endtime="20220706 19:03:04.484"/>
</kw>
<kw name="Set Variable" library="BuiltIn">
<var>${status}</var>
<arg>False</arg>
<doc>Returns the given values which can then be assigned to a variables.</doc>
<msg timestamp="20220706 19:03:04.486" level="INFO">${status} = False</msg>
<status status="PASS" starttime="20220706 19:03:04.485" endtime="20220706 19:03:04.486"/>
</kw>
<kw name="Run Keyword And Return Status" library="BuiltIn">
<var>${status}</var>
<arg>Should Contain</arg>
<arg>${line}</arg>
<arg>--&gt;</arg>
<doc>Runs the given keyword with given arguments and returns the status as a Boolean value.</doc>
<kw name="Should Contain" library="BuiltIn">
<arg>${line}</arg>
<arg>--&gt;</arg>
<doc>Fails if ``container`` does not contain ``item`` one or more times.</doc>
<msg timestamp="20220706 19:03:04.490" level="FAIL">'1' does not contain '--&gt;'</msg>
<status status="FAIL" starttime="20220706 19:03:04.488" endtime="20220706 19:03:04.491"/>
</kw>
<msg timestamp="20220706 19:03:04.492" level="INFO">${status} = False</msg>
<status status="PASS" starttime="20220706 19:03:04.487" endtime="20220706 19:03:04.492"/>
</kw>
<status status="PASS" starttime="20220706 19:03:04.474" endtime="20220706 19:03:04.493"/>
</iter>
<iter>
<var name="${line}">00:16.040 --&gt; 00:19.890</var>
<kw name="Run Keyword If" library="BuiltIn">
<arg>${status}</arg>
<arg>Convert Sentence And Copy To ClipBoard</arg>
<arg>${line}</arg>
<arg>ELSE</arg>
<arg>Set clipboard value</arg>
<arg>${line}</arg>
<doc>Runs the given keyword with the given arguments, if ``condition`` is true.</doc>
<kw name="Set Clipboard Value" library="RPA.Desktop">
<arg>${line}</arg>
<doc>Write given value to system clipboard.</doc>
<status status="PASS" starttime="20220706 19:03:04.497" endtime="20220706 19:03:04.499"/>
</kw>
<status status="PASS" starttime="20220706 19:03:04.495" endtime="20220706 19:03:04.499"/>
</kw>
<kw name="Get Clipboard Value" library="RPA.Desktop">
<var>${converted_text}</var>
<doc>Read current value from system clipboard.</doc>
<msg timestamp="20220706 19:03:04.502" level="INFO">${converted_text} = Bienvenidas</msg>
<status status="PASS" starttime="20220706 19:03:04.500" endtime="20220706 19:03:04.503"/>
</kw>
<kw name="Append To File" library="RPA.FileSystem">
<arg>${DEST_FILE_NAME}</arg>
<arg>${converted_text}${\n}</arg>
<doc>Appends text to the given file.</doc>
<status status="PASS" starttime="20220706 19:03:04.504" endtime="20220706 19:03:04.506"/>
</kw>
<kw name="Set Variable" library="BuiltIn">
<var>${status}</var>
<arg>False</arg>
<doc>Returns the given values which can then be assigned to a variables.</doc>
<msg timestamp="20220706 19:03:04.508" level="INFO">${status} = False</msg>
<status status="PASS" starttime="20220706 19:03:04.507" endtime="20220706 19:03:04.509"/>
</kw>
<kw name="Run Keyword And Return Status" library="BuiltIn">
<var>${status}</var>
<arg>Should Contain</arg>
<arg>${line}</arg>
<arg>--&gt;</arg>
<doc>Runs the given keyword with given arguments and returns the status as a Boolean value.</doc>
<kw name="Should Contain" library="BuiltIn">
<arg>${line}</arg>
<arg>--&gt;</arg>
<doc>Fails if ``container`` does not contain ``item`` one or more times.</doc>
<status status="PASS" starttime="20220706 19:03:04.511" endtime="20220706 19:03:04.512"/>
</kw>
<msg timestamp="20220706 19:03:04.513" level="INFO">${status} = True</msg>
<status status="PASS" starttime="20220706 19:03:04.510" endtime="20220706 19:03:04.514"/>
</kw>
<status status="PASS" starttime="20220706 19:03:04.494" endtime="20220706 19:03:04.514"/>
</iter>
<iter>
<var name="${line}">Are you ready to explore the real power of Robot With Python ?</var>
<kw name="Run Keyword If" library="BuiltIn">
<arg>${status}</arg>
<arg>Convert Sentence And Copy To ClipBoard</arg>
<arg>${line}</arg>
<arg>ELSE</arg>
<arg>Set clipboard value</arg>
<arg>${line}</arg>
<doc>Runs the given keyword with the given arguments, if ``condition`` is true.</doc>
<kw name="Convert Sentence And Copy To ClipBoard" library="browser">
<arg>${line}</arg>
<kw name="Input Text When Element Is Visible" library="RPA.Browser.Selenium">
<arg>${srcTextArea}</arg>
<arg>${sentence}</arg>
<doc>Input text into locator after it has become visible.</doc>
<msg timestamp="20220706 19:03:04.548" level="INFO">Typing text 'Are you ready to explore the real power of Robot With Python ?' into text field '//textarea[@aria-label="Texto de origen"]'.</msg>
<status status="PASS" starttime="20220706 19:03:04.519" endtime="20220706 19:03:04.963"/>
</kw>
<kw name="Wait Until Element Is Visible" library="RPA.Browser.Selenium">
<arg>${copyClipButton}</arg>
<doc>Waits until the element ``locator`` is visible.</doc>
<status status="PASS" starttime="20220706 19:03:04.964" endtime="20220706 19:03:06.493"/>
</kw>
<kw name="Click Element" library="RPA.Browser.Selenium">
<arg>${copyClipButton}</arg>
<doc>Click the element identified by ``locator``.</doc>
<msg timestamp="20220706 19:03:06.496" level="INFO">Clicking element '//button[@aria-label="Copiar traducción"]'.</msg>
<status status="PASS" starttime="20220706 19:03:06.494" endtime="20220706 19:03:06.558"/>
</kw>
<kw name="Sleep" library="BuiltIn">
<arg>1</arg>
<doc>Pauses the test executed for the given time.</doc>
<msg timestamp="20220706 19:03:07.563" level="INFO">Slept 1 second</msg>
<status status="PASS" starttime="20220706 19:03:06.561" endtime="20220706 19:03:07.564"/>
</kw>
<kw name="Click Element" library="RPA.Browser.Selenium">
<arg>${clearText}</arg>
<doc>Click the element identified by ``locator``.</doc>
<msg timestamp="20220706 19:03:07.570" level="INFO">Clicking element '//button[@aria-label="Borrar texto original"]'.</msg>
<status status="PASS" starttime="20220706 19:03:07.566" endtime="20220706 19:03:07.635"/>
</kw>
<status status="PASS" starttime="20220706 19:03:04.517" endtime="20220706 19:03:07.637"/>
</kw>
<status status="PASS" starttime="20220706 19:03:04.516" endtime="20220706 19:03:07.639"/>
</kw>
<kw name="Get Clipboard Value" library="RPA.Desktop">
<var>${converted_text}</var>
<doc>Read current value from system clipboard.</doc>
<msg timestamp="20220706 19:03:07.644" level="INFO">${converted_text} = ¿Estás listo para explorar el verdadero poder del robot con Python?</msg>
<status status="PASS" starttime="20220706 19:03:07.641" endtime="20220706 19:03:07.644"/>
</kw>
<kw name="Append To File" library="RPA.FileSystem">
<arg>${DEST_FILE_NAME}</arg>
<arg>${converted_text}${\n}</arg>
<doc>Appends text to the given file.</doc>
<status status="PASS" starttime="20220706 19:03:07.646" endtime="20220706 19:03:07.647"/>
</kw>
<kw name="Set Variable" library="BuiltIn">
<var>${status}</var>
<arg>False</arg>
<doc>Returns the given values which can then be assigned to a variables.</doc>
<msg timestamp="20220706 19:03:07.649" level="INFO">${status} = False</msg>
<status status="PASS" starttime="20220706 19:03:07.648" endtime="20220706 19:03:07.650"/>
</kw>
<kw name="Run Keyword And Return Status" library="BuiltIn">
<var>${status}</var>
<arg>Should Contain</arg>
<arg>${line}</arg>
<arg>--&gt;</arg>
<doc>Runs the given keyword with given arguments and returns the status as a Boolean value.</doc>
<kw name="Should Contain" library="BuiltIn">
<arg>${line}</arg>
<arg>--&gt;</arg>
<doc>Fails if ``container`` does not contain ``item`` one or more times.</doc>
<msg timestamp="20220706 19:03:07.654" level="FAIL">'Are you ready to explore the real power of Robot With Python ?' does not contain '--&gt;'</msg>
<status status="FAIL" starttime="20220706 19:03:07.652" endtime="20220706 19:03:07.654"/>
</kw>
<msg timestamp="20220706 19:03:07.655" level="INFO">${status} = False</msg>
<status status="PASS" starttime="20220706 19:03:07.650" endtime="20220706 19:03:07.655"/>
</kw>
<status status="PASS" starttime="20220706 19:03:04.515" endtime="20220706 19:03:07.656"/>
</iter>
<iter>
<var name="${line}"/>
<kw name="Run Keyword If" library="BuiltIn">
<arg>${status}</arg>
<arg>Convert Sentence And Copy To ClipBoard</arg>
<arg>${line}</arg>
<arg>ELSE</arg>
<arg>Set clipboard value</arg>
<arg>${line}</arg>
<doc>Runs the given keyword with the given arguments, if ``condition`` is true.</doc>
<kw name="Set Clipboard Value" library="RPA.Desktop">
<arg>${line}</arg>
<doc>Write given value to system clipboard.</doc>
<status status="PASS" starttime="20220706 19:03:07.659" endtime="20220706 19:03:07.661"/>
</kw>
<status status="PASS" starttime="20220706 19:03:07.657" endtime="20220706 19:03:07.662"/>
</kw>
<kw name="Get Clipboard Value" library="RPA.Desktop">
<var>${converted_text}</var>
<doc>Read current value from system clipboard.</doc>
<msg timestamp="20220706 19:03:07.665" level="INFO">${converted_text} = ¿Estás listo para explorar el verdadero poder del robot con Python?</msg>
<status status="PASS" starttime="20220706 19:03:07.663" endtime="20220706 19:03:07.666"/>
</kw>
<kw name="Append To File" library="RPA.FileSystem">
<arg>${DEST_FILE_NAME}</arg>
<arg>${converted_text}${\n}</arg>
<doc>Appends text to the given file.</doc>
<status status="PASS" starttime="20220706 19:03:07.668" endtime="20220706 19:03:07.672"/>
</kw>
<kw name="Set Variable" library="BuiltIn">
<var>${status}</var>
<arg>False</arg>
<doc>Returns the given values which can then be assigned to a variables.</doc>
<msg timestamp="20220706 19:03:07.674" level="INFO">${status} = False</msg>
<status status="PASS" starttime="20220706 19:03:07.673" endtime="20220706 19:03:07.675"/>
</kw>
<kw name="Run Keyword And Return Status" library="BuiltIn">
<var>${status}</var>
<arg>Should Contain</arg>
<arg>${line}</arg>
<arg>--&gt;</arg>
<doc>Runs the given keyword with given arguments and returns the status as a Boolean value.</doc>
<kw name="Should Contain" library="BuiltIn">
<arg>${line}</arg>
<arg>--&gt;</arg>
<doc>Fails if ``container`` does not contain ``item`` one or more times.</doc>
<msg timestamp="20220706 19:03:07.681" level="FAIL">'' does not contain '--&gt;'</msg>
<status status="FAIL" starttime="20220706 19:03:07.678" endtime="20220706 19:03:07.682"/>
</kw>
<msg timestamp="20220706 19:03:07.682" level="INFO">${status} = False</msg>
<status status="PASS" starttime="20220706 19:03:07.676" endtime="20220706 19:03:07.683"/>
</kw>
<status status="PASS" starttime="20220706 19:03:07.656" endtime="20220706 19:03:07.683"/>
</iter>
<iter>
<var name="${line}">2</var>
<kw name="Run Keyword If" library="BuiltIn">
<arg>${status}</arg>
<arg>Convert Sentence And Copy To ClipBoard</arg>
<arg>${line}</arg>
<arg>ELSE</arg>
<arg>Set clipboard value</arg>
<arg>${line}</arg>
<doc>Runs the given keyword with the given arguments, if ``condition`` is true.</doc>
<kw name="Set Clipboard Value" library="RPA.Desktop">
<arg>${line}</arg>
<doc>Write given value to system clipboard.</doc>
<status status="PASS" starttime="20220706 19:03:07.687" endtime="20220706 19:03:07.689"/>
</kw>
<status status="PASS" starttime="20220706 19:03:07.685" endtime="20220706 19:03:07.690"/>
</kw>
<kw name="Get Clipboard Value" library="RPA.Desktop">
<var>${converted_text}</var>
<doc>Read current value from system clipboard.</doc>
<msg timestamp="20220706 19:03:07.693" level="INFO">${converted_text} = ¿Estás listo para explorar el verdadero poder del robot con Python?</msg>
<status status="PASS" starttime="20220706 19:03:07.691" endtime="20220706 19:03:07.694"/>
</kw>
<kw name="Append To File" library="RPA.FileSystem">
<arg>${DEST_FILE_NAME}</arg>
<arg>${converted_text}${\n}</arg>
<doc>Appends text to the given file.</doc>
<status status="PASS" starttime="20220706 19:03:07.696" endtime="20220706 19:03:07.698"/>
</kw>
<kw name="Set Variable" library="BuiltIn">
<var>${status}</var>
<arg>False</arg>
<doc>Returns the given values which can then be assigned to a variables.</doc>
<msg timestamp="20220706 19:03:07.702" level="INFO">${status} = False</msg>
<status status="PASS" starttime="20220706 19:03:07.700" endtime="20220706 19:03:07.702"/>
</kw>
<kw name="Run Keyword And Return Status" library="BuiltIn">
<var>${status}</var>
<arg>Should Contain</arg>
<arg>${line}</arg>
<arg>--&gt;</arg>
<doc>Runs the given keyword with given arguments and returns the status as a Boolean value.</doc>
<kw name="Should Contain" library="BuiltIn">
<arg>${line}</arg>
<arg>--&gt;</arg>
<doc>Fails if ``container`` does not contain ``item`` one or more times.</doc>
<msg timestamp="20220706 19:03:07.708" level="FAIL">'2' does not contain '--&gt;'</msg>
<status status="FAIL" starttime="20220706 19:03:07.706" endtime="20220706 19:03:07.709"/>
</kw>
<msg timestamp="20220706 19:03:07.710" level="INFO">${status} = False</msg>
<status status="PASS" starttime="20220706 19:03:07.704" endtime="20220706 19:03:07.710"/>
</kw>
<status status="PASS" starttime="20220706 19:03:07.684" endtime="20220706 19:03:07.711"/>
</iter>
<iter>
<var name="${line}">00:20.270 --&gt; 00:20.860</var>
<kw name="Run Keyword If" library="BuiltIn">
<arg>${status}</arg>
<arg>Convert Sentence And Copy To ClipBoard</arg>
<arg>${line}</arg>
<arg>ELSE</arg>
<arg>Set clipboard value</arg>
<arg>${line}</arg>
<doc>Runs the given keyword with the given arguments, if ``condition`` is true.</doc>
<kw name="Set Clipboard Value" library="RPA.Desktop">
<arg>${line}</arg>
<doc>Write given value to system clipboard.</doc>
<status status="PASS" starttime="20220706 19:03:07.715" endtime="20220706 19:03:07.717"/>
</kw>
<status status="PASS" starttime="20220706 19:03:07.713" endtime="20220706 19:03:07.717"/>
</kw>
<kw name="Get Clipboard Value" library="RPA.Desktop">
<var>${converted_text}</var>
<doc>Read current value from system clipboard.</doc>
<msg timestamp="20220706 19:03:07.720" level="INFO">${converted_text} = ¿Estás listo para explorar el verdadero poder del robot con Python?</msg>
<status status="PASS" starttime="20220706 19:03:07.718" endtime="20220706 19:03:07.720"/>
</kw>
<kw name="Append To File" library="RPA.FileSystem">
<arg>${DEST_FILE_NAME}</arg>
<arg>${converted_text}${\n}</arg>
<doc>Appends text to the given file.</doc>
<status status="PASS" starttime="20220706 19:03:07.721" endtime="20220706 19:03:07.723"/>
</kw>
<kw name="Set Variable" library="BuiltIn">
<var>${status}</var>
<arg>False</arg>
<doc>Returns the given values which can then be assigned to a variables.</doc>
<msg timestamp="20220706 19:03:07.726" level="INFO">${status} = False</msg>
<status status="PASS" starttime="20220706 19:03:07.724" endtime="20220706 19:03:07.727"/>
</kw>
<kw name="Run Keyword And Return Status" library="BuiltIn">
<var>${status}</var>
<arg>Should Contain</arg>
<arg>${line}</arg>
<arg>--&gt;</arg>
<doc>Runs the given keyword with given arguments and returns the status as a Boolean value.</doc>
<kw name="Should Contain" library="BuiltIn">
<arg>${line}</arg>
<arg>--&gt;</arg>
<doc>Fails if ``container`` does not contain ``item`` one or more times.</doc>
<status status="PASS" starttime="20220706 19:03:07.731" endtime="20220706 19:03:07.733"/>
</kw>
<msg timestamp="20220706 19:03:07.734" level="INFO">${status} = True</msg>
<status status="PASS" starttime="20220706 19:03:07.728" endtime="20220706 19:03:07.735"/>
</kw>
<status status="PASS" starttime="20220706 19:03:07.712" endtime="20220706 19:03:07.735"/>
</iter>
<iter>
<var name="${line}">That's true.</var>
<kw name="Run Keyword If" library="BuiltIn">
<arg>${status}</arg>
<arg>Convert Sentence And Copy To ClipBoard</arg>
<arg>${line}</arg>
<arg>ELSE</arg>
<arg>Set clipboard value</arg>
<arg>${line}</arg>
<doc>Runs the given keyword with the given arguments, if ``condition`` is true.</doc>
<kw name="Convert Sentence And Copy To ClipBoard" library="browser">
<arg>${line}</arg>
<kw name="Input Text When Element Is Visible" library="RPA.Browser.Selenium">
<arg>${srcTextArea}</arg>
<arg>${sentence}</arg>
<doc>Input text into locator after it has become visible.</doc>
<msg timestamp="20220706 19:03:07.768" level="INFO">Typing text 'That's true.' into text field '//textarea[@aria-label="Texto de origen"]'.</msg>
<status status="PASS" starttime="20220706 19:03:07.744" endtime="20220706 19:03:07.874"/>
</kw>
<kw name="Wait Until Element Is Visible" library="RPA.Browser.Selenium">
<arg>${copyClipButton}</arg>
<doc>Waits until the element ``locator`` is visible.</doc>
<status status="PASS" starttime="20220706 19:03:07.875" endtime="20220706 19:03:08.339"/>
</kw>
<kw name="Click Element" library="RPA.Browser.Selenium">
<arg>${copyClipButton}</arg>
<doc>Click the element identified by ``locator``.</doc>
<msg timestamp="20220706 19:03:08.343" level="INFO">Clicking element '//button[@aria-label="Copiar traducción"]'.</msg>
<status status="PASS" starttime="20220706 19:03:08.341" endtime="20220706 19:03:08.400"/>
</kw>
<kw name="Sleep" library="BuiltIn">
<arg>1</arg>
<doc>Pauses the test executed for the given time.</doc>
<msg timestamp="20220706 19:03:09.402" level="INFO">Slept 1 second</msg>
<status status="PASS" starttime="20220706 19:03:08.401" endtime="20220706 19:03:09.403"/>
</kw>
<kw name="Click Element" library="RPA.Browser.Selenium">
<arg>${clearText}</arg>
<doc>Click the element identified by ``locator``.</doc>
<msg timestamp="20220706 19:03:09.408" level="INFO">Clicking element '//button[@aria-label="Borrar texto original"]'.</msg>
<status status="PASS" starttime="20220706 19:03:09.405" endtime="20220706 19:03:09.467"/>
</kw>
<status status="PASS" starttime="20220706 19:03:07.740" endtime="20220706 19:03:09.468"/>
</kw>
<status status="PASS" starttime="20220706 19:03:07.738" endtime="20220706 19:03:09.469"/>
</kw>
<kw name="Get Clipboard Value" library="RPA.Desktop">
<var>${converted_text}</var>
<doc>Read current value from system clipboard.</doc>
<msg timestamp="20220706 19:03:09.473" level="INFO">${converted_text} = Eso es cierto.</msg>
<status status="PASS" starttime="20220706 19:03:09.471" endtime="20220706 19:03:09.473"/>
</kw>
<kw name="Append To File" library="RPA.FileSystem">
<arg>${DEST_FILE_NAME}</arg>
<arg>${converted_text}${\n}</arg>
<doc>Appends text to the given file.</doc>
<status status="PASS" starttime="20220706 19:03:09.474" endtime="20220706 19:03:09.477"/>
</kw>
<kw name="Set Variable" library="BuiltIn">
<var>${status}</var>
<arg>False</arg>
<doc>Returns the given values which can then be assigned to a variables.</doc>
<msg timestamp="20220706 19:03:09.479" level="INFO">${status} = False</msg>
<status status="PASS" starttime="20220706 19:03:09.478" endtime="20220706 19:03:09.480"/>
</kw>
<kw name="Run Keyword And Return Status" library="BuiltIn">
<var>${status}</var>
<arg>Should Contain</arg>
<arg>${line}</arg>
<arg>--&gt;</arg>
<doc>Runs the given keyword with given arguments and returns the status as a Boolean value.</doc>
<kw name="Should Contain" library="BuiltIn">
<arg>${line}</arg>
<arg>--&gt;</arg>
<doc>Fails if ``container`` does not contain ``item`` one or more times.</doc>
<msg timestamp="20220706 19:03:09.484" level="FAIL">'That's true.' does not contain '--&gt;'</msg>
<status status="FAIL" starttime="20220706 19:03:09.482" endtime="20220706 19:03:09.485"/>
</kw>
<msg timestamp="20220706 19:03:09.485" level="INFO">${status} = False</msg>
<status status="PASS" starttime="20220706 19:03:09.481" endtime="20220706 19:03:09.486"/>
</kw>
<status status="PASS" starttime="20220706 19:03:07.736" endtime="20220706 19:03:09.486"/>
</iter>
<iter>
<var name="${line}"/>
<kw name="Run Keyword If" library="BuiltIn">
<arg>${status}</arg>
<arg>Convert Sentence And Copy To ClipBoard</arg>
<arg>${line}</arg>
<arg>ELSE</arg>
<arg>Set clipboard value</arg>
<arg>${line}</arg>
<doc>Runs the given keyword with the given arguments, if ``condition`` is true.</doc>
<kw name="Set Clipboard Value" library="RPA.Desktop">
<arg>${line}</arg>
<doc>Write given value to system clipboard.</doc>
<status status="PASS" starttime="20220706 19:03:09.489" endtime="20220706 19:03:09.491"/>
</kw>
<status status="PASS" starttime="20220706 19:03:09.488" endtime="20220706 19:03:09.491"/>
</kw>
<kw name="Get Clipboard Value" library="RPA.Desktop">
<var>${converted_text}</var>
<doc>Read current value from system clipboard.</doc>
<msg timestamp="20220706 19:03:09.494" level="INFO">${converted_text} = Eso es cierto.</msg>
<status status="PASS" starttime="20220706 19:03:09.492" endtime="20220706 19:03:09.494"/>
</kw>
<kw name="Append To File" library="RPA.FileSystem">
<arg>${DEST_FILE_NAME}</arg>
<arg>${converted_text}${\n}</arg>
<doc>Appends text to the given file.</doc>
<status status="PASS" starttime="20220706 19:03:09.495" endtime="20220706 19:03:09.497"/>
</kw>
<kw name="Set Variable" library="BuiltIn">
<var>${status}</var>
<arg>False</arg>
<doc>Returns the given values which can then be assigned to a variables.</doc>
<msg timestamp="20220706 19:03:09.499" level="INFO">${status} = False</msg>
<status status="PASS" starttime="20220706 19:03:09.498" endtime="20220706 19:03:09.499"/>
</kw>
<kw name="Run Keyword And Return Status" library="BuiltIn">
<var>${status}</var>
<arg>Should Contain</arg>
<arg>${line}</arg>
<arg>--&gt;</arg>
<doc>Runs the given keyword with given arguments and returns the status as a Boolean value.</doc>
<kw name="Should Contain" library="BuiltIn">
<arg>${line}</arg>
<arg>--&gt;</arg>
<doc>Fails if ``container`` does not contain ``item`` one or more times.</doc>
<msg timestamp="20220706 19:03:09.503" level="FAIL">'' does not contain '--&gt;'</msg>
<status status="FAIL" starttime="20220706 19:03:09.501" endtime="20220706 19:03:09.503"/>
</kw>
<msg timestamp="20220706 19:03:09.504" level="INFO">${status} = False</msg>
<status status="PASS" starttime="20220706 19:03:09.500" endtime="20220706 19:03:09.505"/>
</kw>
<status status="PASS" starttime="20220706 19:03:09.487" endtime="20220706 19:03:09.505"/>
</iter>
<iter>
<var name="${line}">3</var>
<kw name="Run Keyword If" library="BuiltIn">
<arg>${status}</arg>
<arg>Convert Sentence And Copy To ClipBoard</arg>
<arg>${line}</arg>
<arg>ELSE</arg>
<arg>Set clipboard value</arg>
<arg>${line}</arg>
<doc>Runs the given keyword with the given arguments, if ``condition`` is true.</doc>
<kw name="Set Clipboard Value" library="RPA.Desktop">
<arg>${line}</arg>
<doc>Write given value to system clipboard.</doc>
<status status="PASS" starttime="20220706 19:03:09.510" endtime="20220706 19:03:09.512"/>
</kw>
<status status="PASS" starttime="20220706 19:03:09.508" endtime="20220706 19:03:09.512"/>
</kw>
<kw name="Get Clipboard Value" library="RPA.Desktop">
<var>${converted_text}</var>
<doc>Read current value from system clipboard.</doc>
<msg timestamp="20220706 19:03:09.517" level="INFO">${converted_text} = Eso es cierto.</msg>
<status status="PASS" starttime="20220706 19:03:09.513" endtime="20220706 19:03:09.518"/>
</kw>
<kw name="Append To File" library="RPA.FileSystem">
<arg>${DEST_FILE_NAME}</arg>
<arg>${converted_text}${\n}</arg>
<doc>Appends text to the given file.</doc>
<status status="PASS" starttime="20220706 19:03:09.519" endtime="20220706 19:03:09.522"/>
</kw>
<kw name="Set Variable" library="BuiltIn">
<var>${status}</var>
<arg>False</arg>
<doc>Returns the given values which can then be assigned to a variables.</doc>
<msg timestamp="20220706 19:03:09.524" level="INFO">${status} = False</msg>
<status status="PASS" starttime="20220706 19:03:09.523" endtime="20220706 19:03:09.524"/>
</kw>
<kw name="Run Keyword And Return Status" library="BuiltIn">
<var>${status}</var>
<arg>Should Contain</arg>
<arg>${line}</arg>
<arg>--&gt;</arg>
<doc>Runs the given keyword with given arguments and returns the status as a Boolean value.</doc>
<kw name="Should Contain" library="BuiltIn">
<arg>${line}</arg>
<arg>--&gt;</arg>
<doc>Fails if ``container`` does not contain ``item`` one or more times.</doc>
<msg timestamp="20220706 19:03:09.531" level="FAIL">'3' does not contain '--&gt;'</msg>
<status status="FAIL" starttime="20220706 19:03:09.527" endtime="20220706 19:03:09.531"/>
</kw>
<msg timestamp="20220706 19:03:09.532" level="INFO">${status} = False</msg>
<status status="PASS" starttime="20220706 19:03:09.525" endtime="20220706 19:03:09.532"/>
</kw>
<status status="PASS" starttime="20220706 19:03:09.506" endtime="20220706 19:03:09.533"/>
</iter>
<iter>
<var name="${line}">00:20.870 --&gt; 00:26.780</var>
<kw name="Run Keyword If" library="BuiltIn">
<arg>${status}</arg>
<arg>Convert Sentence And Copy To ClipBoard</arg>
<arg>${line}</arg>
<arg>ELSE</arg>
<arg>Set clipboard value</arg>
<arg>${line}</arg>
<doc>Runs the given keyword with the given arguments, if ``condition`` is true.</doc>
<kw name="Set Clipboard Value" library="RPA.Desktop">
<arg>${line}</arg>
<doc>Write given value to system clipboard.</doc>
<status status="PASS" starttime="20220706 19:03:09.536" endtime="20220706 19:03:09.537"/>
</kw>
<status status="PASS" starttime="20220706 19:03:09.534" endtime="20220706 19:03:09.537"/>
</kw>
<kw name="Get Clipboard Value" library="RPA.Desktop">
<var>${converted_text}</var>
<doc>Read current value from system clipboard.</doc>
<msg timestamp="20220706 19:03:09.540" level="INFO">${converted_text} = Eso es cierto.</msg>
<status status="PASS" starttime="20220706 19:03:09.538" endtime="20220706 19:03:09.541"/>
</kw>
<kw name="Append To File" library="RPA.FileSystem">
<arg>${DEST_FILE_NAME}</arg>
<arg>${converted_text}${\n}</arg>
<doc>Appends text to the given file.</doc>
<status status="PASS" starttime="20220706 19:03:09.541" endtime="20220706 19:03:09.544"/>
</kw>
<kw name="Set Variable" library="BuiltIn">
<var>${status}</var>
<arg>False</arg>
<doc>Returns the given values which can then be assigned to a variables.</doc>
<msg timestamp="20220706 19:03:09.546" level="INFO">${status} = False</msg>
<status status="PASS" starttime="20220706 19:03:09.545" endtime="20220706 19:03:09.546"/>
</kw>
<kw name="Run Keyword And Return Status" library="BuiltIn">
<var>${status}</var>
<arg>Should Contain</arg>
<arg>${line}</arg>
<arg>--&gt;</arg>
<doc>Runs the given keyword with given arguments and returns the status as a Boolean value.</doc>
<kw name="Should Contain" library="BuiltIn">
<arg>${line}</arg>
<arg>--&gt;</arg>
<doc>Fails if ``container`` does not contain ``item`` one or more times.</doc>
<status status="PASS" starttime="20220706 19:03:09.548" endtime="20220706 19:03:09.550"/>
</kw>
<msg timestamp="20220706 19:03:09.552" level="INFO">${status} = True</msg>
<status status="PASS" starttime="20220706 19:03:09.547" endtime="20220706 19:03:09.552"/>
</kw>
<status status="PASS" starttime="20220706 19:03:09.533" endtime="20220706 19:03:09.553"/>
</iter>
<iter>
<var name="${line}">I'm talking about python and robot framework and in this course we're going to talk about one of the most</var>
<kw name="Run Keyword If" library="BuiltIn">
<arg>${status}</arg>
<arg>Convert Sentence And Copy To ClipBoard</arg>
<arg>${line}</arg>
<arg>ELSE</arg>
<arg>Set clipboard value</arg>
<arg>${line}</arg>
<doc>Runs the given keyword with the given arguments, if ``condition`` is true.</doc>
<kw name="Convert Sentence And Copy To ClipBoard" library="browser">
<arg>${line}</arg>
<kw name="Input Text When Element Is Visible" library="RPA.Browser.Selenium">
<arg>${srcTextArea}</arg>
<arg>${sentence}</arg>
<doc>Input text into locator after it has become visible.</doc>
<msg timestamp="20220706 19:03:09.589" level="INFO">Typing text 'I'm talking about python and robot framework and in this course we're going to talk about one of the most' into text field '//textarea[@aria-label="Texto de origen"]'.</msg>
<status status="PASS" starttime="20220706 19:03:09.564" endtime="20220706 19:03:10.065"/>
</kw>
<kw name="Wait Until Element Is Visible" library="RPA.Browser.Selenium">
<arg>${copyClipButton}</arg>
<doc>Waits until the element ``locator`` is visible.</doc>
<status status="PASS" starttime="20220706 19:03:10.066" endtime="20220706 19:03:11.190"/>
</kw>
<kw name="Click Element" library="RPA.Browser.Selenium">
<arg>${copyClipButton}</arg>
<doc>Click the element identified by ``locator``.</doc>
<msg timestamp="20220706 19:03:11.195" level="INFO">Clicking element '//button[@aria-label="Copiar traducción"]'.</msg>
<status status="PASS" starttime="20220706 19:03:11.192" endtime="20220706 19:03:11.267"/>
</kw>
<kw name="Sleep" library="BuiltIn">
<arg>1</arg>
<doc>Pauses the test executed for the given time.</doc>
<msg timestamp="20220706 19:03:12.270" level="INFO">Slept 1 second</msg>
<status status="PASS" starttime="20220706 19:03:11.268" endtime="20220706 19:03:12.272"/>
</kw>
<kw name="Click Element" library="RPA.Browser.Selenium">
<arg>${clearText}</arg>
<doc>Click the element identified by ``locator``.</doc>
<msg timestamp="20220706 19:03:12.276" level="INFO">Clicking element '//button[@aria-label="Borrar texto original"]'.</msg>
<status status="PASS" starttime="20220706 19:03:12.274" endtime="20220706 19:03:12.339"/>
</kw>
<status status="PASS" starttime="20220706 19:03:09.561" endtime="20220706 19:03:12.341"/>
</kw>
<status status="PASS" starttime="20220706 19:03:09.558" endtime="20220706 19:03:12.341"/>
</kw>
<kw name="Get Clipboard Value" library="RPA.Desktop">
<var>${converted_text}</var>
<doc>Read current value from system clipboard.</doc>
<msg timestamp="20220706 19:03:12.344" level="INFO">${converted_text} = Estoy hablando de Python y Robot Framework y en este curso vamos a hablar de uno de los más</msg>
<status status="PASS" starttime="20220706 19:03:12.342" endtime="20220706 19:03:12.344"/>
</kw>
<kw name="Append To File" library="RPA.FileSystem">
<arg>${DEST_FILE_NAME}</arg>
<arg>${converted_text}${\n}</arg>
<doc>Appends text to the given file.</doc>
<status status="PASS" starttime="20220706 19:03:12.345" endtime="20220706 19:03:12.348"/>
</kw>
<kw name="Set Variable" library="BuiltIn">
<var>${status}</var>
<arg>False</arg>
<doc>Returns the given values which can then be assigned to a variables.</doc>
<msg timestamp="20220706 19:03:12.349" level="INFO">${status} = False</msg>
<status status="PASS" starttime="20220706 19:03:12.348" endtime="20220706 19:03:12.350"/>
</kw>
<kw name="Run Keyword And Return Status" library="BuiltIn">
<var>${status}</var>
<arg>Should Contain</arg>
<arg>${line}</arg>
<arg>--&gt;</arg>
<doc>Runs the given keyword with given arguments and returns the status as a Boolean value.</doc>
<kw name="Should Contain" library="BuiltIn">
<arg>${line}</arg>
<arg>--&gt;</arg>
<doc>Fails if ``container`` does not contain ``item`` one or more times.</doc>
<msg timestamp="20220706 19:03:12.353" level="FAIL">'I'm talking about python and robot framework and in this course we're going to talk about one of the most' does not contain '--&gt;'</msg>
<status status="FAIL" starttime="20220706 19:03:12.351" endtime="20220706 19:03:12.354"/>
</kw>
<msg timestamp="20220706 19:03:12.354" level="INFO">${status} = False</msg>
<status status="PASS" starttime="20220706 19:03:12.350" endtime="20220706 19:03:12.355"/>
</kw>
<status status="PASS" starttime="20220706 19:03:09.555" endtime="20220706 19:03:12.356"/>
</iter>
<iter>
<var name="${line}"/>
<kw name="Run Keyword If" library="BuiltIn">
<arg>${status}</arg>
<arg>Convert Sentence And Copy To ClipBoard</arg>
<arg>${line}</arg>
<arg>ELSE</arg>
<arg>Set clipboard value</arg>
<arg>${line}</arg>
<doc>Runs the given keyword with the given arguments, if ``condition`` is true.</doc>
<kw name="Set Clipboard Value" library="RPA.Desktop">
<arg>${line}</arg>
<doc>Write given value to system clipboard.</doc>
<status status="PASS" starttime="20220706 19:03:12.363" endtime="20220706 19:03:12.365"/>
</kw>
<status status="PASS" starttime="20220706 19:03:12.360" endtime="20220706 19:03:12.366"/>
</kw>
<kw name="Get Clipboard Value" library="RPA.Desktop">
<var>${converted_text}</var>
<doc>Read current value from system clipboard.</doc>
<msg timestamp="20220706 19:03:12.369" level="INFO">${converted_text} = Estoy hablando de Python y Robot Framework y en este curso vamos a hablar de uno de los más</msg>
<status status="PASS" starttime="20220706 19:03:12.367" endtime="20220706 19:03:12.370"/>
</kw>
<kw name="Append To File" library="RPA.FileSystem">
<arg>${DEST_FILE_NAME}</arg>
<arg>${converted_text}${\n}</arg>
<doc>Appends text to the given file.</doc>
<status status="PASS" starttime="20220706 19:03:12.372" endtime="20220706 19:03:12.377"/>
</kw>
<kw name="Set Variable" library="BuiltIn">
<var>${status}</var>
<arg>False</arg>
<doc>Returns the given values which can then be assigned to a variables.</doc>
<msg timestamp="20220706 19:03:12.379" level="INFO">${status} = False</msg>
<status status="PASS" starttime="20220706 19:03:12.378" endtime="20220706 19:03:12.380"/>
</kw>
<kw name="Run Keyword And Return Status" library="BuiltIn">
<var>${status}</var>
<arg>Should Contain</arg>
<arg>${line}</arg>
<arg>--&gt;</arg>
<doc>Runs the given keyword with given arguments and returns the status as a Boolean value.</doc>
<kw name="Should Contain" library="BuiltIn">
<arg>${line}</arg>
<arg>--&gt;</arg>
<doc>Fails if ``container`` does not contain ``item`` one or more times.</doc>
<msg timestamp="20220706 19:03:12.386" level="FAIL">'' does not contain '--&gt;'</msg>
<status status="FAIL" starttime="20220706 19:03:12.383" endtime="20220706 19:03:12.387"/>
</kw>
<msg timestamp="20220706 19:03:12.388" level="INFO">${status} = False</msg>
<status status="PASS" starttime="20220706 19:03:12.381" endtime="20220706 19:03:12.388"/>
</kw>
<status status="PASS" starttime="20220706 19:03:12.358" endtime="20220706 19:03:12.389"/>
</iter>
<iter>
<var name="${line}">4</var>
<kw name="Run Keyword If" library="BuiltIn">
<arg>${status}</arg>
<arg>Convert Sentence And Copy To ClipBoard</arg>
<arg>${line}</arg>
<arg>ELSE</arg>
<arg>Set clipboard value</arg>
<arg>${line}</arg>
<doc>Runs the given keyword with the given arguments, if ``condition`` is true.</doc>
<kw name="Set Clipboard Value" library="RPA.Desktop">
<arg>${line}</arg>
<doc>Write given value to system clipboard.</doc>
<status status="PASS" starttime="20220706 19:03:12.392" endtime="20220706 19:03:12.394"/>
</kw>
<status status="PASS" starttime="20220706 19:03:12.391" endtime="20220706 19:03:12.394"/>
</kw>
<kw name="Get Clipboard Value" library="RPA.Desktop">
<var>${converted_text}</var>
<doc>Read current value from system clipboard.</doc>
<msg timestamp="20220706 19:03:12.397" level="INFO">${converted_text} = Estoy hablando de Python y Robot Framework y en este curso vamos a hablar de uno de los más</msg>
<status status="PASS" starttime="20220706 19:03:12.395" endtime="20220706 19:03:12.397"/>
</kw>
<kw name="Append To File" library="RPA.FileSystem">
<arg>${DEST_FILE_NAME}</arg>
<arg>${converted_text}${\n}</arg>
<doc>Appends text to the given file.</doc>
<status status="PASS" starttime="20220706 19:03:12.398" endtime="20220706 19:03:12.400"/>
</kw>
<kw name="Set Variable" library="BuiltIn">
<var>${status}</var>
<arg>False</arg>
<doc>Returns the given values which can then be assigned to a variables.</doc>
<msg timestamp="20220706 19:03:12.402" level="INFO">${status} = False</msg>
<status status="PASS" starttime="20220706 19:03:12.401" endtime="20220706 19:03:12.403"/>
</kw>
<kw name="Run Keyword And Return Status" library="BuiltIn">
<var>${status}</var>
<arg>Should Contain</arg>
<arg>${line}</arg>
<arg>--&gt;</arg>
<doc>Runs the given keyword with given arguments and returns the status as a Boolean value.</doc>
<kw name="Should Contain" library="BuiltIn">
<arg>${line}</arg>
<arg>--&gt;</arg>
<doc>Fails if ``container`` does not contain ``item`` one or more times.</doc>
<msg timestamp="20220706 19:03:12.408" level="FAIL">'4' does not contain '--&gt;'</msg>
<status status="FAIL" starttime="20220706 19:03:12.406" endtime="20220706 19:03:12.409"/>
</kw>
<msg timestamp="20220706 19:03:12.410" level="INFO">${status} = False</msg>
<status status="PASS" starttime="20220706 19:03:12.404" endtime="20220706 19:03:12.410"/>
</kw>
<status status="PASS" starttime="20220706 19:03:12.389" endtime="20220706 19:03:12.411"/>
</iter>
<iter>
<var name="${line}">00:26.780 --&gt; 00:30.280</var>
<kw name="Run Keyword If" library="BuiltIn">
<arg>${status}</arg>
<arg>Convert Sentence And Copy To ClipBoard</arg>
<arg>${line}</arg>
<arg>ELSE</arg>
<arg>Set clipboard value</arg>
<arg>${line}</arg>
<doc>Runs the given keyword with the given arguments, if ``condition`` is true.</doc>
<kw name="Set Clipboard Value" library="RPA.Desktop">
<arg>${line}</arg>
<doc>Write given value to system clipboard.</doc>
<status status="PASS" starttime="20220706 19:03:12.415" endtime="20220706 19:03:12.417"/>
</kw>
<status status="PASS" starttime="20220706 19:03:12.413" endtime="20220706 19:03:12.418"/>
</kw>
<kw name="Get Clipboard Value" library="RPA.Desktop">
<var>${converted_text}</var>
<doc>Read current value from system clipboard.</doc>
<msg timestamp="20220706 19:03:12.420" level="INFO">${converted_text} = Estoy hablando de Python y Robot Framework y en este curso vamos a hablar de uno de los más</msg>
<status status="PASS" starttime="20220706 19:03:12.418" endtime="20220706 19:03:12.420"/>
</kw>
<kw name="Append To File" library="RPA.FileSystem">
<arg>${DEST_FILE_NAME}</arg>
<arg>${converted_text}${\n}</arg>
<doc>Appends text to the given file.</doc>
<status status="PASS" starttime="20220706 19:03:12.421" endtime="20220706 19:03:12.423"/>
</kw>
<kw name="Set Variable" library="BuiltIn">
<var>${status}</var>
<arg>False</arg>
<doc>Returns the given values which can then be assigned to a variables.</doc>
<msg timestamp="20220706 19:03:12.425" level="INFO">${status} = False</msg>
<status status="PASS" starttime="20220706 19:03:12.424" endtime="20220706 19:03:12.425"/>
</kw>
<kw name="Run Keyword And Return Status" library="BuiltIn">
<var>${status}</var>
<arg>Should Contain</arg>
<arg>${line}</arg>
<arg>--&gt;</arg>
<doc>Runs the given keyword with given arguments and returns the status as a Boolean value.</doc>
<kw name="Should Contain" library="BuiltIn">
<arg>${line}</arg>
<arg>--&gt;</arg>
<doc>Fails if ``container`` does not contain ``item`` one or more times.</doc>
<status status="PASS" starttime="20220706 19:03:12.427" endtime="20220706 19:03:12.429"/>
</kw>
<msg timestamp="20220706 19:03:12.429" level="INFO">${status} = True</msg>
<status status="PASS" starttime="20220706 19:03:12.426" endtime="20220706 19:03:12.430"/>
</kw>
<status status="PASS" starttime="20220706 19:03:12.412" endtime="20220706 19:03:12.430"/>
</iter>
<iter>
<var name="${line}">demanding skill set, that is device automation in test automation field.</var>
<kw name="Run Keyword If" library="BuiltIn">
<arg>${status}</arg>
<arg>Convert Sentence And Copy To ClipBoard</arg>
<arg>${line}</arg>
<arg>ELSE</arg>
<arg>Set clipboard value</arg>
<arg>${line}</arg>
<doc>Runs the given keyword with the given arguments, if ``condition`` is true.</doc>
<kw name="Convert Sentence And Copy To ClipBoard" library="browser">
<arg>${line}</arg>
<kw name="Input Text When Element Is Visible" library="RPA.Browser.Selenium">
<arg>${srcTextArea}</arg>
<arg>${sentence}</arg>
<doc>Input text into locator after it has become visible.</doc>
<msg timestamp="20220706 19:03:12.461" level="INFO">Typing text 'demanding skill set, that is device automation in test automation field.' into text field '//textarea[@aria-label="Texto de origen"]'.</msg>
<status status="PASS" starttime="20220706 19:03:12.436" endtime="20220706 19:03:12.786"/>
</kw>
<kw name="Wait Until Element Is Visible" library="RPA.Browser.Selenium">
<arg>${copyClipButton}</arg>
<doc>Waits until the element ``locator`` is visible.</doc>
<status status="PASS" starttime="20220706 19:03:12.787" endtime="20220706 19:03:13.886"/>
</kw>
<kw name="Click Element" library="RPA.Browser.Selenium">
<arg>${copyClipButton}</arg>
<doc>Click the element identified by ``locator``.</doc>
<msg timestamp="20220706 19:03:13.889" level="INFO">Clicking element '//button[@aria-label="Copiar traducción"]'.</msg>
<status status="PASS" starttime="20220706 19:03:13.887" endtime="20220706 19:03:13.952"/>
</kw>
<kw name="Sleep" library="BuiltIn">
<arg>1</arg>
<doc>Pauses the test executed for the given time.</doc>
<msg timestamp="20220706 19:03:14.956" level="INFO">Slept 1 second</msg>
<status status="PASS" starttime="20220706 19:03:13.954" endtime="20220706 19:03:14.957"/>
</kw>
<kw name="Click Element" library="RPA.Browser.Selenium">
<arg>${clearText}</arg>
<doc>Click the element identified by ``locator``.</doc>
<msg timestamp="20220706 19:03:14.963" level="INFO">Clicking element '//button[@aria-label="Borrar texto original"]'.</msg>
<status status="PASS" starttime="20220706 19:03:14.959" endtime="20220706 19:03:15.022"/>
</kw>
<status status="PASS" starttime="20220706 19:03:12.434" endtime="20220706 19:03:15.024"/>
</kw>
<status status="PASS" starttime="20220706 19:03:12.432" endtime="20220706 19:03:15.025"/>
</kw>
<kw name="Get Clipboard Value" library="RPA.Desktop">
<var>${converted_text}</var>
<doc>Read current value from system clipboard.</doc>
<msg timestamp="20220706 19:03:15.028" level="INFO">${converted_text} = Conjunto de habilidades exigentes, es decir, la automatización de dispositivos en el campo de automatización de pruebas.</msg>
<status status="PASS" starttime="20220706 19:03:15.026" endtime="20220706 19:03:15.028"/>
</kw>
<kw name="Append To File" library="RPA.FileSystem">
<arg>${DEST_FILE_NAME}</arg>
<arg>${converted_text}${\n}</arg>
<doc>Appends text to the given file.</doc>
<status status="PASS" starttime="20220706 19:03:15.029" endtime="20220706 19:03:15.032"/>
</kw>
<kw name="Set Variable" library="BuiltIn">
<var>${status}</var>
<arg>False</arg>
<doc>Returns the given values which can then be assigned to a variables.</doc>
<msg timestamp="20220706 19:03:15.034" level="INFO">${status} = False</msg>
<status status="PASS" starttime="20220706 19:03:15.033" endtime="20220706 19:03:15.034"/>
</kw>
<kw name="Run Keyword And Return Status" library="BuiltIn">
<var>${status}</var>
<arg>Should Contain</arg>
<arg>${line}</arg>
<arg>--&gt;</arg>
<doc>Runs the given keyword with given arguments and returns the status as a Boolean value.</doc>
<kw name="Should Contain" library="BuiltIn">
<arg>${line}</arg>
<arg>--&gt;</arg>
<doc>Fails if ``container`` does not contain ``item`` one or more times.</doc>
<msg timestamp="20220706 19:03:15.038" level="FAIL">'demanding skill set, that is device automation in test automation field.' does not contain '--&gt;'</msg>
<status status="FAIL" starttime="20220706 19:03:15.036" endtime="20220706 19:03:15.038"/>
</kw>
<msg timestamp="20220706 19:03:15.038" level="INFO">${status} = False</msg>
<status status="PASS" starttime="20220706 19:03:15.035" endtime="20220706 19:03:15.039"/>
</kw>
<status status="PASS" starttime="20220706 19:03:12.431" endtime="20220706 19:03:15.039"/>
</iter>
<iter>
<var name="${line}"/>
<kw name="Run Keyword If" library="BuiltIn">
<arg>${status}</arg>
<arg>Convert Sentence And Copy To ClipBoard</arg>
<arg>${line}</arg>
<arg>ELSE</arg>
<arg>Set clipboard value</arg>
<arg>${line}</arg>
<doc>Runs the given keyword with the given arguments, if ``condition`` is true.</doc>
<kw name="Set Clipboard Value" library="RPA.Desktop">
<arg>${line}</arg>
<doc>Write given value to system clipboard.</doc>
<status status="PASS" starttime="20220706 19:03:15.042" endtime="20220706 19:03:15.044"/>
</kw>
<status status="PASS" starttime="20220706 19:03:15.041" endtime="20220706 19:03:15.044"/>
</kw>
<kw name="Get Clipboard Value" library="RPA.Desktop">
<var>${converted_text}</var>
<doc>Read current value from system clipboard.</doc>
<msg timestamp="20220706 19:03:15.046" level="INFO">${converted_text} = Conjunto de habilidades exigentes, es decir, la automatización de dispositivos en el campo de automatización de pruebas.</msg>
<status status="PASS" starttime="20220706 19:03:15.045" endtime="20220706 19:03:15.046"/>
</kw>
<kw name="Append To File" library="RPA.FileSystem">
<arg>${DEST_FILE_NAME}</arg>
<arg>${converted_text}${\n}</arg>
<doc>Appends text to the given file.</doc>
<status status="PASS" starttime="20220706 19:03:15.047" endtime="20220706 19:03:15.050"/>
</kw>
<kw name="Set Variable" library="BuiltIn">
<var>${status}</var>
<arg>False</arg>
<doc>Returns the given values which can then be assigned to a variables.</doc>
<msg timestamp="20220706 19:03:15.051" level="INFO">${status} = False</msg>
<status status="PASS" starttime="20220706 19:03:15.050" endtime="20220706 19:03:15.052"/>
</kw>
<kw name="Run Keyword And Return Status" library="BuiltIn">
<var>${status}</var>
<arg>Should Contain</arg>
<arg>${line}</arg>
<arg>--&gt;</arg>
<doc>Runs the given keyword with given arguments and returns the status as a Boolean value.</doc>
<kw name="Should Contain" library="BuiltIn">
<arg>${line}</arg>
<arg>--&gt;</arg>
<doc>Fails if ``container`` does not contain ``item`` one or more times.</doc>
<msg timestamp="20220706 19:03:15.056" level="FAIL">'' does not contain '--&gt;'</msg>
<status status="FAIL" starttime="20220706 19:03:15.054" endtime="20220706 19:03:15.057"/>
</kw>
<msg timestamp="20220706 19:03:15.058" level="INFO">${status} = False</msg>
<status status="PASS" starttime="20220706 19:03:15.052" endtime="20220706 19:03:15.058"/>
</kw>
<status status="PASS" starttime="20220706 19:03:15.040" endtime="20220706 19:03:15.059"/>
</iter>
<iter>
<var name="${line}">5</var>
<kw name="Run Keyword If" library="BuiltIn">
<arg>${status}</arg>
<arg>Convert Sentence And Copy To ClipBoard</arg>
<arg>${line}</arg>
<arg>ELSE</arg>
<arg>Set clipboard value</arg>
<arg>${line}</arg>
<doc>Runs the given keyword with the given arguments, if ``condition`` is true.</doc>
<kw name="Set Clipboard Value" library="RPA.Desktop">
<arg>${line}</arg>
<doc>Write given value to system clipboard.</doc>
<status status="PASS" starttime="20220706 19:03:15.062" endtime="20220706 19:03:15.064"/>
</kw>
<status status="PASS" starttime="20220706 19:03:15.060" endtime="20220706 19:03:15.065"/>
</kw>
<kw name="Get Clipboard Value" library="RPA.Desktop">
<var>${converted_text}</var>
<doc>Read current value from system clipboard.</doc>
<msg timestamp="20220706 19:03:15.069" level="INFO">${converted_text} = Conjunto de habilidades exigentes, es decir, la automatización de dispositivos en el campo de automatización de pruebas.</msg>
<status status="PASS" starttime="20220706 19:03:15.066" endtime="20220706 19:03:15.069"/>
</kw>
<kw name="Append To File" library="RPA.FileSystem">
<arg>${DEST_FILE_NAME}</arg>
<arg>${converted_text}${\n}</arg>
<doc>Appends text to the given file.</doc>
<status status="PASS" starttime="20220706 19:03:15.070" endtime="20220706 19:03:15.072"/>
</kw>
<kw name="Set Variable" library="BuiltIn">
<var>${status}</var>
<arg>False</arg>
<doc>Returns the given values which can then be assigned to a variables.</doc>
<msg timestamp="20220706 19:03:15.074" level="INFO">${status} = False</msg>
<status status="PASS" starttime="20220706 19:03:15.073" endtime="20220706 19:03:15.074"/>
</kw>
<kw name="Run Keyword And Return Status" library="BuiltIn">
<var>${status}</var>
<arg>Should Contain</arg>
<arg>${line}</arg>
<arg>--&gt;</arg>
<doc>Runs the given keyword with given arguments and returns the status as a Boolean value.</doc>
<kw name="Should Contain" library="BuiltIn">
<arg>${line}</arg>
<arg>--&gt;</arg>
<doc>Fails if ``container`` does not contain ``item`` one or more times.</doc>
<msg timestamp="20220706 19:03:15.079" level="FAIL">'5' does not contain '--&gt;'</msg>
<status status="FAIL" starttime="20220706 19:03:15.076" endtime="20220706 19:03:15.080"/>
</kw>
<msg timestamp="20220706 19:03:15.081" level="INFO">${status} = False</msg>
<status status="PASS" starttime="20220706 19:03:15.075" endtime="20220706 19:03:15.081"/>
</kw>
<status status="PASS" starttime="20220706 19:03:15.059" endtime="20220706 19:03:15.081"/>
</iter>
<iter>
<var name="${line}">00:31.160 --&gt; 00:34.580</var>
<kw name="Run Keyword If" library="BuiltIn">
<arg>${status}</arg>
<arg>Convert Sentence And Copy To ClipBoard</arg>
<arg>${line}</arg>
<arg>ELSE</arg>
<arg>Set clipboard value</arg>
<arg>${line}</arg>
<doc>Runs the given keyword with the given arguments, if ``condition`` is true.</doc>
<kw name="Set Clipboard Value" library="RPA.Desktop">
<arg>${line}</arg>
<doc>Write given value to system clipboard.</doc>
<status status="PASS" starttime="20220706 19:03:15.085" endtime="20220706 19:03:15.087"/>
</kw>
<status status="PASS" starttime="20220706 19:03:15.083" endtime="20220706 19:03:15.087"/>
</kw>
<kw name="Get Clipboard Value" library="RPA.Desktop">
<var>${converted_text}</var>
<doc>Read current value from system clipboard.</doc>
<msg timestamp="20220706 19:03:15.091" level="INFO">${converted_text} = Conjunto de habilidades exigentes, es decir, la automatización de dispositivos en el campo de automatización de pruebas.</msg>
<status status="PASS" starttime="20220706 19:03:15.088" endtime="20220706 19:03:15.091"/>
</kw>
<kw name="Append To File" library="RPA.FileSystem">
<arg>${DEST_FILE_NAME}</arg>
<arg>${converted_text}${\n}</arg>
<doc>Appends text to the given file.</doc>
<status status="PASS" starttime="20220706 19:03:15.093" endtime="20220706 19:03:15.098"/>
</kw>
<kw name="Set Variable" library="BuiltIn">
<var>${status}</var>
<arg>False</arg>
<doc>Returns the given values which can then be assigned to a variables.</doc>
<msg timestamp="20220706 19:03:15.102" level="INFO">${status} = False</msg>
<status status="PASS" starttime="20220706 19:03:15.101" endtime="20220706 19:03:15.103"/>
</kw>
<kw name="Run Keyword And Return Status" library="BuiltIn">
<var>${status}</var>
<arg>Should Contain</arg>
<arg>${line}</arg>
<arg>--&gt;</arg>
<doc>Runs the given keyword with given arguments and returns the status as a Boolean value.</doc>
<kw name="Should Contain" library="BuiltIn">
<arg>${line}</arg>
<arg>--&gt;</arg>
<doc>Fails if ``container`` does not contain ``item`` one or more times.</doc>
<status status="PASS" starttime="20220706 19:03:15.105" endtime="20220706 19:03:15.106"/>
</kw>
<msg timestamp="20220706 19:03:15.107" level="INFO">${status} = True</msg>
<status status="PASS" starttime="20220706 19:03:15.104" endtime="20220706 19:03:15.107"/>
</kw>
<status status="PASS" starttime="20220706 19:03:15.082" endtime="20220706 19:03:15.108"/>
</iter>
<iter>
<var name="${line}">So we're going to focus on the Android device.</var>
<kw name="Run Keyword If" library="BuiltIn">
<arg>${status}</arg>
<arg>Convert Sentence And Copy To ClipBoard</arg>
<arg>${line}</arg>
<arg>ELSE</arg>
<arg>Set clipboard value</arg>
<arg>${line}</arg>
<doc>Runs the given keyword with the given arguments, if ``condition`` is true.</doc>
<kw name="Convert Sentence And Copy To ClipBoard" library="browser">
<arg>${line}</arg>
[...]
<arg>${line}</arg>
<arg>--&gt;</arg>
<doc>Fails if ``container`` does not contain ``item`` one or more times.</doc>
<msg timestamp="20220706 19:04:16.989" level="FAIL">'9' does not contain '--&gt;'</msg>
<status status="FAIL" starttime="20220706 19:04:16.987" endtime="20220706 19:04:16.990"/>
</kw>
<msg timestamp="20220706 19:04:16.991" level="INFO">${status} = False</msg>
<status status="PASS" starttime="20220706 19:04:16.986" endtime="20220706 19:04:16.991"/>
</kw>
<status status="PASS" starttime="20220706 19:04:16.968" endtime="20220706 19:04:16.991"/>
</iter>
<iter>
<var name="${line}">00:44.690 --&gt; 00:50.270</var>
<kw name="Run Keyword If" library="BuiltIn">
<arg>${status}</arg>
<arg>Convert Sentence And Copy To ClipBoard</arg>
<arg>${line}</arg>
<arg>ELSE</arg>
<arg>Set clipboard value</arg>
<arg>${line}</arg>
<doc>Runs the given keyword with the given arguments, if ``condition`` is true.</doc>
<kw name="Set Clipboard Value" library="RPA.Desktop">
<arg>${line}</arg>
<doc>Write given value to system clipboard.</doc>
<status status="PASS" starttime="20220706 19:04:16.995" endtime="20220706 19:04:16.997"/>
</kw>
<status status="PASS" starttime="20220706 19:04:16.993" endtime="20220706 19:04:16.998"/>
</kw>
<kw name="Get Clipboard Value" library="RPA.Desktop">
<var>${converted_text}</var>
<doc>Read current value from system clipboard.</doc>
<msg timestamp="20220706 19:04:17.001" level="INFO">${converted_text} = </msg>
<status status="PASS" starttime="20220706 19:04:16.999" endtime="20220706 19:04:17.001"/>
</kw>
<kw name="Append To File" library="RPA.FileSystem">
<arg>${DEST_FILE_NAME}</arg>
<arg>${converted_text}${\n}</arg>
<doc>Appends text to the given file.</doc>
<status status="PASS" starttime="20220706 19:04:17.002" endtime="20220706 19:04:17.004"/>
</kw>
<kw name="Set Variable" library="BuiltIn">
<var>${status}</var>
<arg>False</arg>
<doc>Returns the given values which can then be assigned to a variables.</doc>
<msg timestamp="20220706 19:04:17.007" level="INFO">${status} = False</msg>
<status status="PASS" starttime="20220706 19:04:17.005" endtime="20220706 19:04:17.007"/>
</kw>
<kw name="Run Keyword And Return Status" library="BuiltIn">
<var>${status}</var>
<arg>Should Contain</arg>
<arg>${line}</arg>
<arg>--&gt;</arg>
<doc>Runs the given keyword with given arguments and returns the status as a Boolean value.</doc>
<kw name="Should Contain" library="BuiltIn">
<arg>${line}</arg>
<arg>--&gt;</arg>
<doc>Fails if ``container`` does not contain ``item`` one or more times.</doc>
<status status="PASS" starttime="20220706 19:04:17.010" endtime="20220706 19:04:17.011"/>
</kw>
<msg timestamp="20220706 19:04:17.012" level="INFO">${status} = True</msg>
<status status="PASS" starttime="20220706 19:04:17.008" endtime="20220706 19:04:17.012"/>
</kw>
<status status="PASS" starttime="20220706 19:04:16.992" endtime="20220706 19:04:17.013"/>
</iter>
<iter>
<var name="${line}">So when you have the complete knowledge base across all the operating system, you can really apply</var>
<kw name="Run Keyword If" library="BuiltIn">
<arg>${status}</arg>
<arg>Convert Sentence And Copy To ClipBoard</arg>
<arg>${line}</arg>
<arg>ELSE</arg>
<arg>Set clipboard value</arg>
<arg>${line}</arg>
<doc>Runs the given keyword with the given arguments, if ``condition`` is true.</doc>
<kw name="Convert Sentence And Copy To ClipBoard" library="browser">
<arg>${line}</arg>
<kw name="Input Text When Element Is Visible" library="RPA.Browser.Selenium">
<arg>${srcTextArea}</arg>
<arg>${sentence}</arg>
<doc>Input text into locator after it has become visible.</doc>
<msg timestamp="20220706 19:04:17.041" level="INFO">Typing text 'So when you have the complete knowledge base across all the operating system, you can really apply' into text field '//textarea[@aria-label="Texto de origen"]'.</msg>
<status status="PASS" starttime="20220706 19:04:17.018" endtime="20220706 19:04:17.423"/>
</kw>
<kw name="Wait Until Element Is Visible" library="RPA.Browser.Selenium">
<arg>${copyClipButton}</arg>
<doc>Waits until the element ``locator`` is visible.</doc>
<status status="PASS" starttime="20220706 19:04:17.425" endtime="20220706 19:04:17.877"/>
</kw>
<kw name="Click Element" library="RPA.Browser.Selenium">
<arg>${copyClipButton}</arg>
<doc>Click the element identified by ``locator``.</doc>
<msg timestamp="20220706 19:04:17.880" level="INFO">Clicking element '//button[@aria-label="Copiar traducción"]'.</msg>
<status status="PASS" starttime="20220706 19:04:17.878" endtime="20220706 19:04:17.936"/>
</kw>
<kw name="Sleep" library="BuiltIn">
<arg>1</arg>
<doc>Pauses the test executed for the given time.</doc>
<msg timestamp="20220706 19:04:18.940" level="INFO">Slept 1 second</msg>
<status status="PASS" starttime="20220706 19:04:17.938" endtime="20220706 19:04:18.942"/>
</kw>
<kw name="Click Element" library="RPA.Browser.Selenium">
<arg>${clearText}</arg>
<doc>Click the element identified by ``locator``.</doc>
<msg timestamp="20220706 19:04:18.946" level="INFO">Clicking element '//button[@aria-label="Borrar texto original"]'.</msg>
<status status="PASS" starttime="20220706 19:04:18.944" endtime="20220706 19:04:19.008"/>
</kw>
<status status="PASS" starttime="20220706 19:04:17.016" endtime="20220706 19:04:19.010"/>
</kw>
<status status="PASS" starttime="20220706 19:04:17.015" endtime="20220706 19:04:19.012"/>
</kw>
<kw name="Get Clipboard Value" library="RPA.Desktop">
<var>${converted_text}</var>
<doc>Read current value from system clipboard.</doc>
<msg timestamp="20220706 19:04:19.017" level="INFO">${converted_text} = </msg>
<status status="PASS" starttime="20220706 19:04:19.014" endtime="20220706 19:04:19.018"/>
</kw>
<kw name="Append To File" library="RPA.FileSystem">
<arg>${DEST_FILE_NAME}</arg>
<arg>${converted_text}${\n}</arg>
<doc>Appends text to the given file.</doc>
<status status="PASS" starttime="20220706 19:04:19.019" endtime="20220706 19:04:19.021"/>
</kw>
<kw name="Set Variable" library="BuiltIn">
<var>${status}</var>
<arg>False</arg>
<doc>Returns the given values which can then be assigned to a variables.</doc>
<msg timestamp="20220706 19:04:19.023" level="INFO">${status} = False</msg>
<status status="PASS" starttime="20220706 19:04:19.022" endtime="20220706 19:04:19.023"/>
</kw>
<kw name="Run Keyword And Return Status" library="BuiltIn">
<var>${status}</var>
<arg>Should Contain</arg>
<arg>${line}</arg>
<arg>--&gt;</arg>
<doc>Runs the given keyword with given arguments and returns the status as a Boolean value.</doc>
<kw name="Should Contain" library="BuiltIn">
<arg>${line}</arg>
<arg>--&gt;</arg>
<doc>Fails if ``container`` does not contain ``item`` one or more times.</doc>
<msg timestamp="20220706 19:04:19.027" level="FAIL">'So when you have the complete knowledge base across all the operating system, you can really apply' does not contain '--&gt;'</msg>
<status status="FAIL" starttime="20220706 19:04:19.025" endtime="20220706 19:04:19.027"/>
</kw>
<msg timestamp="20220706 19:04:19.028" level="INFO">${status} = False</msg>
<status status="PASS" starttime="20220706 19:04:19.024" endtime="20220706 19:04:19.028"/>
</kw>
<status status="PASS" starttime="20220706 19:04:17.014" endtime="20220706 19:04:19.029"/>
</iter>
<iter>
<var name="${line}"/>
<kw name="Run Keyword If" library="BuiltIn">
<arg>${status}</arg>
<arg>Convert Sentence And Copy To ClipBoard</arg>
<arg>${line}</arg>
<arg>ELSE</arg>
<arg>Set clipboard value</arg>
<arg>${line}</arg>
<doc>Runs the given keyword with the given arguments, if ``condition`` is true.</doc>
<kw name="Set Clipboard Value" library="RPA.Desktop">
<arg>${line}</arg>
<doc>Write given value to system clipboard.</doc>
<status status="PASS" starttime="20220706 19:04:19.033" endtime="20220706 19:04:19.034"/>
</kw>
<status status="PASS" starttime="20220706 19:04:19.031" endtime="20220706 19:04:19.035"/>
</kw>
<kw name="Get Clipboard Value" library="RPA.Desktop">
<var>${converted_text}</var>
<doc>Read current value from system clipboard.</doc>
<msg timestamp="20220706 19:04:19.039" level="INFO">${converted_text} = </msg>
<status status="PASS" starttime="20220706 19:04:19.037" endtime="20220706 19:04:19.039"/>
</kw>
<kw name="Append To File" library="RPA.FileSystem">
<arg>${DEST_FILE_NAME}</arg>
<arg>${converted_text}${\n}</arg>
<doc>Appends text to the given file.</doc>
<status status="PASS" starttime="20220706 19:04:19.040" endtime="20220706 19:04:19.042"/>
</kw>
<kw name="Set Variable" library="BuiltIn">
<var>${status}</var>
<arg>False</arg>
<doc>Returns the given values which can then be assigned to a variables.</doc>
<msg timestamp="20220706 19:04:19.045" level="INFO">${status} = False</msg>
<status status="PASS" starttime="20220706 19:04:19.043" endtime="20220706 19:04:19.045"/>
</kw>
<kw name="Run Keyword And Return Status" library="BuiltIn">
<var>${status}</var>
<arg>Should Contain</arg>
<arg>${line}</arg>
<arg>--&gt;</arg>
<doc>Runs the given keyword with given arguments and returns the status as a Boolean value.</doc>
<kw name="Should Contain" library="BuiltIn">
<arg>${line}</arg>
<arg>--&gt;</arg>
<doc>Fails if ``container`` does not contain ``item`` one or more times.</doc>
<msg timestamp="20220706 19:04:19.054" level="FAIL">'' does not contain '--&gt;'</msg>
<status status="FAIL" starttime="20220706 19:04:19.049" endtime="20220706 19:04:19.055"/>
</kw>
<msg timestamp="20220706 19:04:19.057" level="INFO">${status} = False</msg>
<status status="PASS" starttime="20220706 19:04:19.047" endtime="20220706 19:04:19.057"/>
</kw>
<status status="PASS" starttime="20220706 19:04:19.030" endtime="20220706 19:04:19.058"/>
</iter>
<iter>
<var name="${line}">10</var>
<kw name="Run Keyword If" library="BuiltIn">
<arg>${status}</arg>
<arg>Convert Sentence And Copy To ClipBoard</arg>
<arg>${line}</arg>
<arg>ELSE</arg>
<arg>Set clipboard value</arg>
<arg>${line}</arg>
<doc>Runs the given keyword with the given arguments, if ``condition`` is true.</doc>
<kw name="Set Clipboard Value" library="RPA.Desktop">
<arg>${line}</arg>
<doc>Write given value to system clipboard.</doc>
<status status="PASS" starttime="20220706 19:04:19.063" endtime="20220706 19:04:19.064"/>
</kw>
<status status="PASS" starttime="20220706 19:04:19.060" endtime="20220706 19:04:19.065"/>
</kw>
<kw name="Get Clipboard Value" library="RPA.Desktop">
<var>${converted_text}</var>
<doc>Read current value from system clipboard.</doc>
<msg timestamp="20220706 19:04:19.067" level="INFO">${converted_text} = </msg>
<status status="PASS" starttime="20220706 19:04:19.066" endtime="20220706 19:04:19.068"/>
</kw>
<kw name="Append To File" library="RPA.FileSystem">
<arg>${DEST_FILE_NAME}</arg>
<arg>${converted_text}${\n}</arg>
<doc>Appends text to the given file.</doc>
<status status="PASS" starttime="20220706 19:04:19.068" endtime="20220706 19:04:19.071"/>
</kw>
<kw name="Set Variable" library="BuiltIn">
<var>${status}</var>
<arg>False</arg>
<doc>Returns the given values which can then be assigned to a variables.</doc>
<msg timestamp="20220706 19:04:19.073" level="INFO">${status} = False</msg>
<status status="PASS" starttime="20220706 19:04:19.072" endtime="20220706 19:04:19.073"/>
</kw>
<kw name="Run Keyword And Return Status" library="BuiltIn">
<var>${status}</var>
<arg>Should Contain</arg>
<arg>${line}</arg>
<arg>--&gt;</arg>
<doc>Runs the given keyword with given arguments and returns the status as a Boolean value.</doc>
<kw name="Should Contain" library="BuiltIn">
<arg>${line}</arg>
<arg>--&gt;</arg>
<doc>Fails if ``container`` does not contain ``item`` one or more times.</doc>
<msg timestamp="20220706 19:04:19.077" level="FAIL">'10' does not contain '--&gt;'</msg>
<status status="FAIL" starttime="20220706 19:04:19.075" endtime="20220706 19:04:19.078"/>
</kw>
<msg timestamp="20220706 19:04:19.080" level="INFO">${status} = False</msg>
<status status="PASS" starttime="20220706 19:04:19.074" endtime="20220706 19:04:19.080"/>
</kw>
<status status="PASS" starttime="20220706 19:04:19.059" endtime="20220706 19:04:19.080"/>
</iter>
<iter>
<var name="${line}">00:50.270 --&gt; 00:52.700</var>
<kw name="Run Keyword If" library="BuiltIn">
<arg>${status}</arg>
<arg>Convert Sentence And Copy To ClipBoard</arg>
<arg>${line}</arg>
<arg>ELSE</arg>
<arg>Set clipboard value</arg>
<arg>${line}</arg>
<doc>Runs the given keyword with the given arguments, if ``condition`` is true.</doc>
<kw name="Set Clipboard Value" library="RPA.Desktop">
<arg>${line}</arg>
<doc>Write given value to system clipboard.</doc>
<status status="PASS" starttime="20220706 19:04:19.085" endtime="20220706 19:04:19.086"/>
</kw>
<status status="PASS" starttime="20220706 19:04:19.082" endtime="20220706 19:04:19.087"/>
</kw>
<kw name="Get Clipboard Value" library="RPA.Desktop">
<var>${converted_text}</var>
<doc>Read current value from system clipboard.</doc>
<msg timestamp="20220706 19:04:19.089" level="INFO">${converted_text} = </msg>
<status status="PASS" starttime="20220706 19:04:19.088" endtime="20220706 19:04:19.089"/>
</kw>
<kw name="Append To File" library="RPA.FileSystem">
<arg>${DEST_FILE_NAME}</arg>
<arg>${converted_text}${\n}</arg>
<doc>Appends text to the given file.</doc>
<status status="PASS" starttime="20220706 19:04:19.090" endtime="20220706 19:04:19.092"/>
</kw>
<kw name="Set Variable" library="BuiltIn">
<var>${status}</var>
<arg>False</arg>
<doc>Returns the given values which can then be assigned to a variables.</doc>
<msg timestamp="20220706 19:04:19.094" level="INFO">${status} = False</msg>
<status status="PASS" starttime="20220706 19:04:19.093" endtime="20220706 19:04:19.094"/>
</kw>
<kw name="Run Keyword And Return Status" library="BuiltIn">
<var>${status}</var>
<arg>Should Contain</arg>
<arg>${line}</arg>
<arg>--&gt;</arg>
<doc>Runs the given keyword with given arguments and returns the status as a Boolean value.</doc>
<kw name="Should Contain" library="BuiltIn">
<arg>${line}</arg>
<arg>--&gt;</arg>
<doc>Fails if ``container`` does not contain ``item`` one or more times.</doc>
<status status="PASS" starttime="20220706 19:04:19.097" endtime="20220706 19:04:19.099"/>
</kw>
<msg timestamp="20220706 19:04:19.099" level="INFO">${status} = True</msg>
<status status="PASS" starttime="20220706 19:04:19.096" endtime="20220706 19:04:19.100"/>
</kw>
<status status="PASS" starttime="20220706 19:04:19.081" endtime="20220706 19:04:19.100"/>
</iter>
<iter>
<var name="${line}">your knowledge on your real project in your organisation</var>
<kw name="Run Keyword If" library="BuiltIn">
<arg>${status}</arg>
<arg>Convert Sentence And Copy To ClipBoard</arg>
<arg>${line}</arg>
<arg>ELSE</arg>
<arg>Set clipboard value</arg>
<arg>${line}</arg>
<doc>Runs the given keyword with the given arguments, if ``condition`` is true.</doc>
<kw name="Convert Sentence And Copy To ClipBoard" library="browser">
<arg>${line}</arg>
<kw name="Input Text When Element Is Visible" library="RPA.Browser.Selenium">
<arg>${srcTextArea}</arg>
<arg>${sentence}</arg>
<doc>Input text into locator after it has become visible.</doc>
<msg timestamp="20220706 19:04:19.137" level="INFO">Typing text 'your knowledge on your real project in your organisation' into text field '//textarea[@aria-label="Texto de origen"]'.</msg>
<status status="PASS" starttime="20220706 19:04:19.105" endtime="20220706 19:04:19.347"/>
</kw>
<kw name="Wait Until Element Is Visible" library="RPA.Browser.Selenium">
<arg>${copyClipButton}</arg>
<doc>Waits until the element ``locator`` is visible.</doc>
<status status="PASS" starttime="20220706 19:04:19.348" endtime="20220706 19:04:19.809"/>
</kw>
<kw name="Click Element" library="RPA.Browser.Selenium">
<arg>${copyClipButton}</arg>
<doc>Click the element identified by ``locator``.</doc>
<msg timestamp="20220706 19:04:19.814" level="INFO">Clicking element '//button[@aria-label="Copiar traducción"]'.</msg>
<status status="PASS" starttime="20220706 19:04:19.811" endtime="20220706 19:04:19.879"/>
</kw>
<kw name="Sleep" library="BuiltIn">
<arg>1</arg>
<doc>Pauses the test executed for the given time.</doc>
<msg timestamp="20220706 19:04:20.883" level="INFO">Slept 1 second</msg>
<status status="PASS" starttime="20220706 19:04:19.881" endtime="20220706 19:04:20.884"/>
</kw>
<kw name="Click Element" library="RPA.Browser.Selenium">
<arg>${clearText}</arg>
<doc>Click the element identified by ``locator``.</doc>
<msg timestamp="20220706 19:04:20.890" level="INFO">Clicking element '//button[@aria-label="Borrar texto original"]'.</msg>
<status status="PASS" starttime="20220706 19:04:20.887" endtime="20220706 19:04:20.953"/>
</kw>
<status status="PASS" starttime="20220706 19:04:19.103" endtime="20220706 19:04:20.955"/>
</kw>
<status status="PASS" starttime="20220706 19:04:19.102" endtime="20220706 19:04:20.957"/>
</kw>
<kw name="Get Clipboard Value" library="RPA.Desktop">
<var>${converted_text}</var>
<doc>Read current value from system clipboard.</doc>
<msg timestamp="20220706 19:04:20.961" level="INFO">${converted_text} = </msg>
<status status="PASS" starttime="20220706 19:04:20.958" endtime="20220706 19:04:20.961"/>
</kw>
<kw name="Append To File" library="RPA.FileSystem">
<arg>${DEST_FILE_NAME}</arg>
<arg>${converted_text}${\n}</arg>
<doc>Appends text to the given file.</doc>
<status status="PASS" starttime="20220706 19:04:20.963" endtime="20220706 19:04:20.966"/>
</kw>
<kw name="Set Variable" library="BuiltIn">
<var>${status}</var>
<arg>False</arg>
<doc>Returns the given values which can then be assigned to a variables.</doc>
<msg timestamp="20220706 19:04:20.968" level="INFO">${status} = False</msg>
<status status="PASS" starttime="20220706 19:04:20.967" endtime="20220706 19:04:20.968"/>
</kw>
<kw name="Run Keyword And Return Status" library="BuiltIn">
<var>${status}</var>
<arg>Should Contain</arg>
<arg>${line}</arg>
<arg>--&gt;</arg>
<doc>Runs the given keyword with given arguments and returns the status as a Boolean value.</doc>
<kw name="Should Contain" library="BuiltIn">
<arg>${line}</arg>
<arg>--&gt;</arg>
<doc>Fails if ``container`` does not contain ``item`` one or more times.</doc>
<msg timestamp="20220706 19:04:20.972" level="FAIL">'your knowledge on your real project in your organisation' does not contain '--&gt;'</msg>
<status status="FAIL" starttime="20220706 19:04:20.970" endtime="20220706 19:04:20.972"/>
</kw>
<msg timestamp="20220706 19:04:20.973" level="INFO">${status} = False</msg>
<status status="PASS" starttime="20220706 19:04:20.969" endtime="20220706 19:04:20.974"/>
</kw>
<status status="PASS" starttime="20220706 19:04:19.101" endtime="20220706 19:04:20.974"/>
</iter>
<status status="PASS" starttime="20220706 19:03:59.277" endtime="20220706 19:04:20.975"/>
</for>
<status status="PASS" starttime="20220706 19:03:59.270" endtime="20220706 19:04:20.976"/>
</kw>
<status status="PASS" starttime="20220706 19:03:59.257" endtime="20220706 19:04:20.976"/>
</iter>
<status status="PASS" starttime="20220706 19:03:02.109" endtime="20220706 19:04:20.977"/>
</for>
<kw name="Close Current Browser" library="browser">
<kw name="Sleep" library="BuiltIn">
<arg>2</arg>
<doc>Pauses the test executed for the given time.</doc>
<msg timestamp="20220706 19:04:22.985" level="INFO">Slept 2 seconds</msg>
<status status="PASS" starttime="20220706 19:04:20.983" endtime="20220706 19:04:22.986"/>
</kw>
<kw name="Close Browser" library="RPA.Browser.Selenium">
<doc>Closes the current browser.</doc>
<status status="PASS" starttime="20220706 19:04:22.989" endtime="20220706 19:04:23.063"/>
</kw>
<status status="PASS" starttime="20220706 19:04:20.979" endtime="20220706 19:04:23.064"/>
</kw>
<status status="PASS" starttime="20220706 19:02:54.018" endtime="20220706 19:04:23.066"/>
</test>
<doc>RPA Browser Related Keywords Example</doc>
<status status="PASS" starttime="20220706 19:02:52.469" endtime="20220706 19:04:23.070"/>
</suite>
<statistics>
<total>
<stat pass="1" fail="0" skip="0">All Tasks</stat>
</total>
<tag>
</tag>
<suite>
<stat pass="1" fail="0" skip="0" id="s1" name="Tasks">Tasks</stat>
</suite>
</statistics>
<errors>
</errors>
</robot>
