<?xml version="1.0" encoding="UTF-8"?>
<robot generator="Robot 5.0.1 (Python 3.7.5 on linux)" generated="20220707 13:30:26.998" rpa="true" schemaversion="3">
<suite id="s1" name="Tasks" source="/home/gabriel/Documentos/RPA/RPA_Email_ImapSMTP/tasks.robot">
<test id="s1-t1" name="Example of Email Library Use Cases" line="25">
<kw name="Save Attachment Where Subject Contains" library="RPA_Email">
<arg>${mail_subject}</arg>
<arg>${download_folder}</arg>
<msg timestamp="20220707 13:30:28.916" level="INFO">IMAP search: 'SUBJECT "EMAIL WITH ONE ATTACHMENT"'</msg>
<msg timestamp="20220707 13:30:29.120" level="WARN">Can't find any messages matching criterion 'SUBJECT "EMAIL WITH ONE ATTACHMENT"' in source folder 'INBOX'</msg>
<msg timestamp="20220707 13:30:29.120" level="INFO">El valor es: []</msg>
<status status="PASS" starttime="20220707 13:30:27.336" endtime="20220707 13:30:29.121"/>
</kw>
<status status="PASS" starttime="20220707 13:30:27.336" endtime="20220707 13:30:29.122"/>
</test>
<doc>RPA GMAIL Related Keywords Example</doc>
<status status="PASS" starttime="20220707 13:30:27.003" endtime="20220707 13:30:29.124"/>
</suite>
<statistics>
<total>
<stat pass="1" fail="0" skip="0">All Tasks</stat>
</total>
<tag>
</tag>
<suite>
<stat pass="1" fail="0" skip="0" id="s1" name="Tasks">Tasks</stat>
</suite>
</statistics>
<errors>
<msg timestamp="20220707 13:30:29.120" level="WARN">Can't find any messages matching criterion 'SUBJECT "EMAIL WITH ONE ATTACHMENT"' in source folder 'INBOX'</msg>
</errors>
</robot>
