<?xml version="1.0" encoding="UTF-8"?>
<robot generator="Robot 5.0.1 (Python 3.7.5 on linux)" generated="20220707 17:49:26.815" rpa="true" schemaversion="3">
<suite id="s1" name="Tasks" source="/home/gabriel/Documentos/RPA/RPA_Dialogs/tasks.robot">
<test id="s1-t1" name="Example of Dialogs Library" line="34">
<kw name="Create Form With BuiltIn Keywords">
<var>${Lan}</var>
<var>${ftype}</var>
<var>${fpath}</var>
<kw name="Add heading" library="RPA.Dialogs">
<arg>USER INPUT FORM</arg>
<doc>Add a centered heading text element</doc>
<status status="PASS" starttime="20220707 17:49:26.888" endtime="20220707 17:49:26.888"/>
</kw>
<kw name="Add text input" library="RPA.Dialogs">
<arg>Target Language</arg>
<arg>tLanguage</arg>
<tag>input</tag>
<doc>Add a text input element</doc>
<status status="PASS" starttime="20220707 17:49:26.888" endtime="20220707 17:49:26.888"/>
</kw>
<kw name="Add file input" library="RPA.Dialogs">
<arg>name=captions</arg>
<arg>label=Choose Caption File</arg>
<arg>source= /home/gabriel/Documentos/RPA/RPA_Dialogs</arg>
<arg>destination=${TARGET_DIR}</arg>
<arg>file_type=${EMPTY} # application/json</arg>
<tag>input</tag>
<doc>Add a file input element</doc>
<status status="PASS" starttime="20220707 17:49:26.889" endtime="20220707 17:49:26.890"/>
</kw>
<kw name="Add text" library="RPA.Dialogs">
<arg>Select Caption File Type</arg>
<doc>Add a text paragraph element, for larger bodies of text</doc>
<status status="PASS" starttime="20220707 17:49:26.890" endtime="20220707 17:49:26.890"/>
</kw>
<kw name="Add radio buttons" library="RPA.Dialogs">
<arg>element_id=type</arg>
<arg>options=WebVTT,VTT</arg>
<arg>default=VTT</arg>
<tag>input</tag>
<doc>Add radio button elements</doc>
<status status="PASS" starttime="20220707 17:49:26.890" endtime="20220707 17:49:26.891"/>
</kw>
<kw name="Run dialog" library="RPA.Dialogs">
<var>${response}</var>
<tag>dialog</tag>
<doc>Create a dialog from all the defined elements and block
until the user has handled it.</doc>
<msg timestamp="20220707 17:49:26.891" level="INFO">Protecting keyword: RPA.Dialogs.Run dialog</msg>
<msg timestamp="20220707 17:49:27.197" level="INFO">Log level changed from NONE to INFO.</msg>
<status status="FAIL" starttime="20220707 17:49:26.891" endtime="20220707 17:49:27.196"/>
</kw>
<kw name="Log" library="BuiltIn">
<arg>${response}[tLanguage]</arg>
<doc>Logs the given message with the given level.</doc>
<status status="NOT RUN" starttime="20220707 17:49:27.198" endtime="20220707 17:49:27.199"/>
</kw>
<kw name="Log" library="BuiltIn">
<arg>${response}[captions][0]</arg>
<doc>Logs the given message with the given level.</doc>
<status status="NOT RUN" starttime="20220707 17:49:27.199" endtime="20220707 17:49:27.199"/>
</kw>
<kw name="Log" library="BuiltIn">
<arg>${response}[captions]</arg>
<doc>Logs the given message with the given level.</doc>
<status status="NOT RUN" starttime="20220707 17:49:27.200" endtime="20220707 17:49:27.200"/>
</kw>
<kw name="Log" library="BuiltIn">
<arg>${response}[type]</arg>
<doc>Logs the given message with the given level.</doc>
<status status="NOT RUN" starttime="20220707 17:49:27.201" endtime="20220707 17:49:27.201"/>
</kw>
<status status="FAIL" starttime="20220707 17:49:26.887" endtime="20220707 17:49:27.202"/>
</kw>
<kw name="Log" library="BuiltIn">
<arg>${Lan}</arg>
<doc>Logs the given message with the given level.</doc>
<status status="NOT RUN" starttime="20220707 17:49:27.202" endtime="20220707 17:49:27.203"/>
</kw>
<kw name="Log" library="BuiltIn">
<arg>${ftype}</arg>
<doc>Logs the given message with the given level.</doc>
<status status="NOT RUN" starttime="20220707 17:49:27.203" endtime="20220707 17:49:27.203"/>
</kw>
<kw name="Log" library="BuiltIn">
<arg>${fpath}</arg>
<doc>Logs the given message with the given level.</doc>
<status status="NOT RUN" starttime="20220707 17:49:27.203" endtime="20220707 17:49:27.203"/>
</kw>
<status status="FAIL" starttime="20220707 17:49:26.886" endtime="20220707 17:49:27.204">You must have either QT or GTK with Python extensions installed in order to use pywebview.</status>
</test>
<doc>RPA Dialogs Related Keywords Example</doc>
<status status="FAIL" starttime="20220707 17:49:26.820" endtime="20220707 17:49:27.205"/>
</suite>
<statistics>
<total>
<stat pass="0" fail="1" skip="0">All Tasks</stat>
</total>
<tag>
</tag>
<suite>
<stat pass="0" fail="1" skip="0" id="s1" name="Tasks">Tasks</stat>
</suite>
</statistics>
<errors>
</errors>
</robot>
